{"C:\\Users\\EmmanuelAsidigbe\\Desktop\\webdev\\amalitech\\week05\\lab\\sum.ts": {"path":"C:\\Users\\EmmanuelAsidigbe\\Desktop\\webdev\\amalitech\\week05\\lab\\sum.ts","statementMap":{"0":{"start":{"line":1,"column":19},"end":{"line":1,"column":50}},"1":{"start":{"line":1,"column":45},"end":{"line":1,"column":50}},"2":{"start":{"line":1,"column":13},"end":{"line":1,"column":19}}},"fnMap":{"0":{"name":"(anonymous_0)","decl":{"start":{"line":1,"column":19},"end":{"line":1,"column":20}},"loc":{"start":{"line":1,"column":45},"end":{"line":1,"column":50}}}},"branchMap":{},"s":{"0":1,"1":1,"2":1},"f":{"0":1},"b":{}}
,"C:\\Users\\EmmanuelAsidigbe\\Desktop\\webdev\\amalitech\\week05\\lab\\config\\db.ts": {"path":"C:\\Users\\EmmanuelAsidigbe\\Desktop\\webdev\\amalitech\\week05\\lab\\config\\db.ts","statementMap":{"0":{"start":{"line":1,"column":0},"end":{"line":1,"column":32}},"1":{"start":{"line":2,"column":0},"end":{"line":2,"column":37}},"2":{"start":{"line":3,"column":0},"end":{"line":3,"column":48}},"3":{"start":{"line":5,"column":18},"end":{"line":13,"column":2}},"4":{"start":{"line":5,"column":29},"end":{"line":13,"column":2}},"5":{"start":{"line":6,"column":2},"end":{"line":12,"column":3}},"6":{"start":{"line":7,"column":17},"end":{"line":7,"column":73}},"7":{"start":{"line":8,"column":4},"end":{"line":8,"column":62}},"8":{"start":{"line":10,"column":4},"end":{"line":10,"column":56}},"9":{"start":{"line":11,"column":4},"end":{"line":11,"column":20}},"10":{"start":{"line":33,"column":22},"end":{"line":33,"column":29}},"11":{"start":{"line":14,"column":25},"end":{"line":32,"column":null}},"12":{"start":{"line":14,"column":36},"end":{"line":32,"column":null}},"13":{"start":{"line":15,"column":4},"end":{"line":31,"column":5}},"14":{"start":{"line":16,"column":25},"end":{"line":16,"column":80}},"15":{"start":{"line":17,"column":6},"end":{"line":27,"column":7}},"16":{"start":{"line":18,"column":30},"end":{"line":23,"column":10}},"17":{"start":{"line":25,"column":8},"end":{"line":25,"column":55}},"18":{"start":{"line":26,"column":8},"end":{"line":26,"column":14}},"19":{"start":{"line":28,"column":6},"end":{"line":28,"column":47}},"20":{"start":{"line":30,"column":6},"end":{"line":30,"column":56}},"21":{"start":{"line":33,"column":31},"end":{"line":33,"column":47}}},"fnMap":{"0":{"name":"(anonymous_8)","decl":{"start":{"line":5,"column":18},"end":{"line":5,"column":27}},"loc":{"start":{"line":5,"column":29},"end":{"line":13,"column":2}}},"1":{"name":"(anonymous_9)","decl":{"start":{"line":5,"column":29},"end":{"line":5,"column":null}},"loc":{"start":{"line":5,"column":29},"end":{"line":13,"column":1}}},"2":{"name":"(anonymous_10)","decl":{"start":{"line":14,"column":25},"end":{"line":14,"column":34}},"loc":{"start":{"line":14,"column":36},"end":{"line":32,"column":null}}},"3":{"name":"(anonymous_11)","decl":{"start":{"line":14,"column":36},"end":{"line":14,"column":null}},"loc":{"start":{"line":14,"column":36},"end":{"line":32,"column":1}}}},"branchMap":{"0":{"loc":{"start":{"line":17,"column":6},"end":{"line":27,"column":7}},"type":"if","locations":[{"start":{"line":17,"column":6},"end":{"line":27,"column":7}}]}},"s":{"0":3,"1":3,"2":3,"3":3,"4":2,"5":2,"6":2,"7":1,"8":1,"9":1,"10":3,"11":3,"12":5,"13":5,"14":5,"15":5,"16":4,"17":3,"18":3,"19":1,"20":1,"21":3},"f":{"0":2,"1":2,"2":5,"3":5},"b":{"0":[4]}}
,"C:\\Users\\EmmanuelAsidigbe\\Desktop\\webdev\\amalitech\\week05\\lab\\config\\server.ts": {"path":"C:\\Users\\EmmanuelAsidigbe\\Desktop\\webdev\\amalitech\\week05\\lab\\config\\server.ts","statementMap":{"0":{"start":{"line":14,"column":0},"end":{"line":14,"column":24}},"1":{"start":{"line":1,"column":0},"end":{"line":1,"column":47}},"2":{"start":{"line":2,"column":0},"end":{"line":2,"column":28}},"3":{"start":{"line":3,"column":0},"end":{"line":3,"column":28}},"4":{"start":{"line":4,"column":0},"end":{"line":4,"column":43}},"5":{"start":{"line":5,"column":0},"end":{"line":5,"column":51}},"6":{"start":{"line":6,"column":0},"end":{"line":6,"column":49}},"7":{"start":{"line":7,"column":0},"end":{"line":7,"column":57}},"8":{"start":{"line":8,"column":0},"end":{"line":8,"column":45}},"9":{"start":{"line":9,"column":0},"end":{"line":9,"column":40}},"10":{"start":{"line":10,"column":0},"end":{"line":10,"column":53}},"11":{"start":{"line":11,"column":0},"end":{"line":11,"column":37}},"12":{"start":{"line":12,"column":0},"end":{"line":12,"column":69}},"13":{"start":{"line":15,"column":2},"end":{"line":15,"column":18}},"14":{"start":{"line":16,"column":27},"end":{"line":16,"column":36}},"15":{"start":{"line":19,"column":2},"end":{"line":19,"column":26}},"16":{"start":{"line":21,"column":23},"end":{"line":21,"column":63}},"17":{"start":{"line":23,"column":2},"end":{"line":37,"column":4}},"18":{"start":{"line":27,"column":28},"end":{"line":32,"column":12}},"19":{"start":{"line":33,"column":10},"end":{"line":33,"column":49}},"20":{"start":{"line":40,"column":2},"end":{"line":40,"column":74}},"21":{"start":{"line":43,"column":2},"end":{"line":43,"column":47}},"22":{"start":{"line":44,"column":2},"end":{"line":44,"column":19}},"23":{"start":{"line":45,"column":2},"end":{"line":45,"column":41}},"24":{"start":{"line":46,"column":2},"end":{"line":46,"column":39}},"25":{"start":{"line":47,"column":2},"end":{"line":47,"column":47}},"26":{"start":{"line":48,"column":2},"end":{"line":48,"column":34}},"27":{"start":{"line":50,"column":2},"end":{"line":50,"column":13}}},"fnMap":{"0":{"name":"createServer","decl":{"start":{"line":14,"column":24},"end":{"line":14,"column":36}},"loc":{"start":{"line":14,"column":36},"end":{"line":51,"column":1}}},"1":{"name":"(anonymous_2)","decl":{"start":{"line":26,"column":15},"end":{"line":26,"column":16}},"loc":{"start":{"line":26,"column":27},"end":{"line":34,"column":9}}}},"branchMap":{},"s":{"0":2,"1":2,"2":2,"3":2,"4":2,"5":2,"6":2,"7":2,"8":2,"9":2,"10":2,"11":2,"12":2,"13":2,"14":2,"15":2,"16":2,"17":2,"18":22,"19":22,"20":2,"21":2,"22":2,"23":2,"24":2,"25":2,"26":2,"27":2},"f":{"0":2,"1":22},"b":{}}
,"C:\\Users\\EmmanuelAsidigbe\\Desktop\\webdev\\amalitech\\week05\\lab\\controller\\auth_controller.ts": {"path":"C:\\Users\\EmmanuelAsidigbe\\Desktop\\webdev\\amalitech\\week05\\lab\\controller\\auth_controller.ts","statementMap":{"0":{"start":{"line":9,"column":0},"end":{"line":9,"column":22}},"1":{"start":{"line":68,"column":0},"end":{"line":68,"column":22}},"2":{"start":{"line":120,"column":0},"end":{"line":120,"column":22}},"3":{"start":{"line":2,"column":0},"end":{"line":2,"column":40}},"4":{"start":{"line":3,"column":0},"end":{"line":3,"column":31}},"5":{"start":{"line":4,"column":0},"end":{"line":4,"column":37}},"6":{"start":{"line":5,"column":0},"end":{"line":5,"column":42}},"7":{"start":{"line":7,"column":0},"end":{"line":7,"column":45}},"8":{"start":{"line":10,"column":30},"end":{"line":10,"column":38}},"9":{"start":{"line":12,"column":4},"end":{"line":16,"column":5}},"10":{"start":{"line":13,"column":6},"end":{"line":13,"column":51}},"11":{"start":{"line":14,"column":6},"end":{"line":14,"column":89}},"12":{"start":{"line":15,"column":6},"end":{"line":15,"column":13}},"13":{"start":{"line":17,"column":2},"end":{"line":64,"column":3}},"14":{"start":{"line":18,"column":4},"end":{"line":18,"column":58}},"15":{"start":{"line":20,"column":17},"end":{"line":20,"column":50}},"16":{"start":{"line":22,"column":4},"end":{"line":29,"column":5}},"17":{"start":{"line":23,"column":8},"end":{"line":23,"column":49}},"18":{"start":{"line":24,"column":7},"end":{"line":27,"column":9}},"19":{"start":{"line":28,"column":6},"end":{"line":28,"column":13}},"20":{"start":{"line":32,"column":28},"end":{"line":32,"column":66}},"21":{"start":{"line":34,"column":4},"end":{"line":41,"column":5}},"22":{"start":{"line":35,"column":8},"end":{"line":35,"column":49}},"23":{"start":{"line":36,"column":7},"end":{"line":39,"column":9}},"24":{"start":{"line":40,"column":6},"end":{"line":40,"column":13}},"25":{"start":{"line":44,"column":18},"end":{"line":47,"column":null}},"26":{"start":{"line":49,"column":3},"end":{"line":49,"column":35}},"27":{"start":{"line":50,"column":4},"end":{"line":60,"column":7}},"28":{"start":{"line":62,"column":4},"end":{"line":62,"column":47}},"29":{"start":{"line":63,"column":4},"end":{"line":63,"column":77}},"30":{"start":{"line":69,"column":20},"end":{"line":69,"column":29}},"31":{"start":{"line":70,"column":26},"end":{"line":70,"column":34}},"32":{"start":{"line":72,"column":2},"end":{"line":72,"column":73}},"33":{"start":{"line":73,"column":2},"end":{"line":80,"column":3}},"34":{"start":{"line":74,"column":4},"end":{"line":74,"column":55}},"35":{"start":{"line":75,"column":4},"end":{"line":78,"column":7}},"36":{"start":{"line":79,"column":4},"end":{"line":79,"column":11}},"37":{"start":{"line":82,"column":2},"end":{"line":116,"column":80}},"38":{"start":{"line":84,"column":7},"end":{"line":84,"column":70}},"39":{"start":{"line":85,"column":25},"end":{"line":85,"column":77}},"40":{"start":{"line":87,"column":4},"end":{"line":93,"column":5}},"41":{"start":{"line":88,"column":8},"end":{"line":88,"column":48}},"42":{"start":{"line":89,"column":6},"end":{"line":91,"column":71}},"43":{"start":{"line":92,"column":6},"end":{"line":92,"column":13}},"44":{"start":{"line":96,"column":17},"end":{"line":96,"column":65}},"45":{"start":{"line":97,"column":4},"end":{"line":101,"column":5}},"46":{"start":{"line":98,"column":8},"end":{"line":98,"column":38}},"47":{"start":{"line":99,"column":6},"end":{"line":99,"column":74}},"48":{"start":{"line":100,"column":6},"end":{"line":100,"column":13}},"49":{"start":{"line":104,"column":27},"end":{"line":104,"column":54}},"50":{"start":{"line":105,"column":4},"end":{"line":105,"column":35}},"51":{"start":{"line":106,"column":4},"end":{"line":106,"column":22}},"52":{"start":{"line":107,"column":4},"end":{"line":107,"column":47}},"53":{"start":{"line":109,"column":4},"end":{"line":112,"column":7}},"54":{"start":{"line":114,"column":4},"end":{"line":114,"column":53}},"55":{"start":{"line":115,"column":8},"end":{"line":115,"column":37}},"56":{"start":{"line":116,"column":6},"end":{"line":116,"column":79}},"57":{"start":{"line":121,"column":20},"end":{"line":121,"column":28}},"58":{"start":{"line":122,"column":3},"end":{"line":122,"column":73}},"59":{"start":{"line":123,"column":2},"end":{"line":129,"column":3}},"60":{"start":{"line":124,"column":4},"end":{"line":124,"column":37}},"61":{"start":{"line":125,"column":4},"end":{"line":127,"column":62}},"62":{"start":{"line":128,"column":6},"end":{"line":128,"column":12}},"63":{"start":{"line":131,"column":2},"end":{"line":173,"column":3}},"64":{"start":{"line":133,"column":17},"end":{"line":133,"column":50}},"65":{"start":{"line":135,"column":4},"end":{"line":139,"column":5}},"66":{"start":{"line":136,"column":8},"end":{"line":136,"column":39}},"67":{"start":{"line":137,"column":6},"end":{"line":137,"column":75}},"68":{"start":{"line":138,"column":6},"end":{"line":138,"column":13}},"69":{"start":{"line":142,"column":18},"end":{"line":145,"column":null}},"70":{"start":{"line":149,"column":4},"end":{"line":151,"column":6}},"71":{"start":{"line":162,"column":4},"end":{"line":166,"column":7}},"72":{"start":{"line":169,"column":4},"end":{"line":169,"column":60}},"73":{"start":{"line":170,"column":5},"end":{"line":172,"column":64}}},"fnMap":{"0":{"name":"Login","decl":{"start":{"line":9,"column":22},"end":{"line":9,"column":27}},"loc":{"start":{"line":9,"column":55},"end":{"line":65,"column":null}}},"1":{"name":"ResetPassword","decl":{"start":{"line":68,"column":22},"end":{"line":68,"column":35}},"loc":{"start":{"line":68,"column":63},"end":{"line":117,"column":null}}},"2":{"name":"RequestPasswordReset","decl":{"start":{"line":120,"column":22},"end":{"line":120,"column":42}},"loc":{"start":{"line":120,"column":70},"end":{"line":174,"column":null}}}},"branchMap":{"0":{"loc":{"start":{"line":12,"column":4},"end":{"line":16,"column":5}},"type":"if","locations":[{"start":{"line":12,"column":4},"end":{"line":16,"column":5}}]},"1":{"loc":{"start":{"line":12,"column":8},"end":{"line":12,"column":44}},"type":"binary-expr","locations":[{"start":{"line":12,"column":8},"end":{"line":12,"column":23}},{"start":{"line":12,"column":27},"end":{"line":12,"column":44}}]},"2":{"loc":{"start":{"line":22,"column":4},"end":{"line":29,"column":5}},"type":"if","locations":[{"start":{"line":22,"column":4},"end":{"line":29,"column":5}}]},"3":{"loc":{"start":{"line":34,"column":4},"end":{"line":41,"column":5}},"type":"if","locations":[{"start":{"line":34,"column":4},"end":{"line":41,"column":5}}]},"4":{"loc":{"start":{"line":73,"column":2},"end":{"line":80,"column":3}},"type":"if","locations":[{"start":{"line":73,"column":2},"end":{"line":80,"column":3}}]},"5":{"loc":{"start":{"line":73,"column":6},"end":{"line":73,"column":54}},"type":"binary-expr","locations":[{"start":{"line":73,"column":6},"end":{"line":73,"column":26}},{"start":{"line":73,"column":30},"end":{"line":73,"column":54}}]},"6":{"loc":{"start":{"line":87,"column":4},"end":{"line":93,"column":5}},"type":"if","locations":[{"start":{"line":87,"column":4},"end":{"line":93,"column":5}}]},"7":{"loc":{"start":{"line":87,"column":8},"end":{"line":87,"column":42}},"type":"binary-expr","locations":[{"start":{"line":87,"column":8},"end":{"line":87,"column":16}},{"start":{"line":87,"column":20},"end":{"line":87,"column":42}}]},"8":{"loc":{"start":{"line":97,"column":4},"end":{"line":101,"column":5}},"type":"if","locations":[{"start":{"line":97,"column":4},"end":{"line":101,"column":5}}]},"9":{"loc":{"start":{"line":123,"column":2},"end":{"line":129,"column":3}},"type":"if","locations":[{"start":{"line":123,"column":2},"end":{"line":129,"column":3}}]},"10":{"loc":{"start":{"line":135,"column":4},"end":{"line":139,"column":5}},"type":"if","locations":[{"start":{"line":135,"column":4},"end":{"line":139,"column":5}}]}},"s":{"0":3,"1":3,"2":3,"3":3,"4":3,"5":3,"6":3,"7":3,"8":6,"9":6,"10":2,"11":2,"12":2,"13":4,"14":4,"15":4,"16":3,"17":1,"18":1,"19":1,"20":2,"21":2,"22":1,"23":1,"24":1,"25":1,"26":1,"27":1,"28":1,"29":1,"30":7,"31":7,"32":7,"33":7,"34":2,"35":2,"36":2,"37":5,"38":5,"39":5,"40":5,"41":2,"42":2,"43":2,"44":3,"45":2,"46":1,"47":1,"48":1,"49":1,"50":1,"51":1,"52":1,"53":1,"54":1,"55":1,"56":1,"57":5,"58":5,"59":5,"60":2,"61":2,"62":2,"63":3,"64":3,"65":2,"66":1,"67":1,"68":1,"69":1,"70":1,"71":1,"72":1,"73":1},"f":{"0":6,"1":7,"2":5},"b":{"0":[2],"1":[6,5],"2":[1],"3":[1],"4":[2],"5":[7,6],"6":[2],"7":[5,3],"8":[1],"9":[2],"10":[1]}}
,"C:\\Users\\EmmanuelAsidigbe\\Desktop\\webdev\\amalitech\\week05\\lab\\controller\\course_controller.ts": {"path":"C:\\Users\\EmmanuelAsidigbe\\Desktop\\webdev\\amalitech\\week05\\lab\\controller\\course_controller.ts","statementMap":{"0":{"start":{"line":4,"column":0},"end":{"line":4,"column":22}},"1":{"start":{"line":50,"column":0},"end":{"line":50,"column":22}},"2":{"start":{"line":70,"column":0},"end":{"line":70,"column":22}},"3":{"start":{"line":102,"column":0},"end":{"line":102,"column":22}},"4":{"start":{"line":132,"column":0},"end":{"line":132,"column":22}},"5":{"start":{"line":2,"column":0},"end":{"line":2,"column":38}},"6":{"start":{"line":3,"column":0},"end":{"line":3,"column":37}},"7":{"start":{"line":5,"column":2},"end":{"line":46,"column":3}},"8":{"start":{"line":6,"column":37},"end":{"line":6,"column":46}},"9":{"start":{"line":9,"column":22},"end":{"line":9,"column":24}},"10":{"start":{"line":10,"column":21},"end":{"line":10,"column":23}},"11":{"start":{"line":11,"column":4},"end":{"line":15,"column":5}},"12":{"start":{"line":12,"column":6},"end":{"line":12,"column":37}},"13":{"start":{"line":14,"column":6},"end":{"line":14,"column":75}},"14":{"start":{"line":16,"column":4},"end":{"line":19,"column":5}},"15":{"start":{"line":17,"column":6},"end":{"line":17,"column":33}},"16":{"start":{"line":18,"column":6},"end":{"line":18,"column":71}},"17":{"start":{"line":20,"column":4},"end":{"line":20,"column":71}},"18":{"start":{"line":23,"column":20},"end":{"line":23,"column":44}},"19":{"start":{"line":24,"column":4},"end":{"line":32,"column":5}},"20":{"start":{"line":26,"column":6},"end":{"line":26,"column":38}},"21":{"start":{"line":27,"column":6},"end":{"line":30,"column":9}},"22":{"start":{"line":31,"column":6},"end":{"line":31,"column":13}},"23":{"start":{"line":35,"column":4},"end":{"line":35,"column":50}},"24":{"start":{"line":36,"column":4},"end":{"line":40,"column":7}},"25":{"start":{"line":42,"column":4},"end":{"line":42,"column":53}},"26":{"start":{"line":43,"column":4},"end":{"line":45,"column":7}},"27":{"start":{"line":51,"column":25},"end":{"line":51,"column":35}},"28":{"start":{"line":52,"column":2},"end":{"line":52,"column":75}},"29":{"start":{"line":53,"column":2},"end":{"line":66,"column":3}},"30":{"start":{"line":54,"column":19},"end":{"line":54,"column":55}},"31":{"start":{"line":56,"column":4},"end":{"line":60,"column":5}},"32":{"start":{"line":57,"column":6},"end":{"line":57,"column":38}},"33":{"start":{"line":58,"column":6},"end":{"line":58,"column":60}},"34":{"start":{"line":59,"column":6},"end":{"line":59,"column":13}},"35":{"start":{"line":61,"column":4},"end":{"line":61,"column":58}},"36":{"start":{"line":62,"column":4},"end":{"line":62,"column":33}},"37":{"start":{"line":64,"column":4},"end":{"line":64,"column":66}},"38":{"start":{"line":65,"column":4},"end":{"line":65,"column":63}},"39":{"start":{"line":71,"column":67},"end":{"line":71,"column":75}},"40":{"start":{"line":72,"column":2},"end":{"line":72,"column":67}},"41":{"start":{"line":73,"column":2},"end":{"line":98,"column":3}},"42":{"start":{"line":75,"column":27},"end":{"line":75,"column":63}},"43":{"start":{"line":76,"column":4},"end":{"line":82,"column":5}},"44":{"start":{"line":77,"column":6},"end":{"line":77,"column":64}},"45":{"start":{"line":78,"column":6},"end":{"line":80,"column":73}},"46":{"start":{"line":81,"column":6},"end":{"line":81,"column":13}},"47":{"start":{"line":84,"column":22},"end":{"line":90,"column":6}},"48":{"start":{"line":92,"column":4},"end":{"line":92,"column":59}},"49":{"start":{"line":94,"column":4},"end":{"line":94,"column":36}},"50":{"start":{"line":96,"column":4},"end":{"line":96,"column":50}},"51":{"start":{"line":97,"column":4},"end":{"line":97,"column":63}},"52":{"start":{"line":103,"column":25},"end":{"line":103,"column":35}},"53":{"start":{"line":104,"column":22},"end":{"line":104,"column":30}},"54":{"start":{"line":105,"column":2},"end":{"line":108,"column":4}},"55":{"start":{"line":109,"column":2},"end":{"line":128,"column":3}},"56":{"start":{"line":110,"column":26},"end":{"line":113,"column":null}},"57":{"start":{"line":116,"column":4},"end":{"line":122,"column":5}},"58":{"start":{"line":117,"column":6},"end":{"line":117,"column":59}},"59":{"start":{"line":118,"column":6},"end":{"line":120,"column":68}},"60":{"start":{"line":121,"column":6},"end":{"line":121,"column":13}},"61":{"start":{"line":124,"column":4},"end":{"line":124,"column":40}},"62":{"start":{"line":126,"column":4},"end":{"line":126,"column":50}},"63":{"start":{"line":127,"column":4},"end":{"line":127,"column":63}},"64":{"start":{"line":133,"column":25},"end":{"line":133,"column":35}},"65":{"start":{"line":135,"column":2},"end":{"line":150,"column":3}},"66":{"start":{"line":136,"column":4},"end":{"line":136,"column":77}},"67":{"start":{"line":137,"column":26},"end":{"line":137,"column":71}},"68":{"start":{"line":139,"column":4},"end":{"line":143,"column":5}},"69":{"start":{"line":140,"column":6},"end":{"line":140,"column":38}},"70":{"start":{"line":141,"column":6},"end":{"line":141,"column":60}},"71":{"start":{"line":142,"column":6},"end":{"line":142,"column":13}},"72":{"start":{"line":145,"column":4},"end":{"line":145,"column":47}},"73":{"start":{"line":146,"column":4},"end":{"line":146,"column":69}},"74":{"start":{"line":148,"column":4},"end":{"line":148,"column":50}},"75":{"start":{"line":149,"column":4},"end":{"line":149,"column":54}}},"fnMap":{"0":{"name":"getCourses","decl":{"start":{"line":4,"column":22},"end":{"line":4,"column":32}},"loc":{"start":{"line":4,"column":60},"end":{"line":47,"column":null}}},"1":{"name":"getCourseByCode","decl":{"start":{"line":50,"column":22},"end":{"line":50,"column":37}},"loc":{"start":{"line":50,"column":65},"end":{"line":67,"column":null}}},"2":{"name":"createCourse","decl":{"start":{"line":70,"column":22},"end":{"line":70,"column":34}},"loc":{"start":{"line":70,"column":62},"end":{"line":99,"column":null}}},"3":{"name":"updateCourse","decl":{"start":{"line":102,"column":22},"end":{"line":102,"column":34}},"loc":{"start":{"line":102,"column":62},"end":{"line":129,"column":null}}},"4":{"name":"deleteCourse","decl":{"start":{"line":132,"column":22},"end":{"line":132,"column":34}},"loc":{"start":{"line":132,"column":62},"end":{"line":151,"column":null}}}},"branchMap":{"0":{"loc":{"start":{"line":11,"column":4},"end":{"line":15,"column":5}},"type":"if","locations":[{"start":{"line":11,"column":4},"end":{"line":15,"column":5}}]},"1":{"loc":{"start":{"line":16,"column":4},"end":{"line":19,"column":5}},"type":"if","locations":[{"start":{"line":16,"column":4},"end":{"line":19,"column":5}}]},"2":{"loc":{"start":{"line":24,"column":4},"end":{"line":32,"column":5}},"type":"if","locations":[{"start":{"line":24,"column":4},"end":{"line":32,"column":5}}]},"3":{"loc":{"start":{"line":56,"column":4},"end":{"line":60,"column":5}},"type":"if","locations":[{"start":{"line":56,"column":4},"end":{"line":60,"column":5}}]},"4":{"loc":{"start":{"line":76,"column":4},"end":{"line":82,"column":5}},"type":"if","locations":[{"start":{"line":76,"column":4},"end":{"line":82,"column":5}}]},"5":{"loc":{"start":{"line":116,"column":4},"end":{"line":122,"column":5}},"type":"if","locations":[{"start":{"line":116,"column":4},"end":{"line":122,"column":5}}]},"6":{"loc":{"start":{"line":139,"column":4},"end":{"line":143,"column":5}},"type":"if","locations":[{"start":{"line":139,"column":4},"end":{"line":143,"column":5}}]}},"s":{"0":3,"1":3,"2":3,"3":3,"4":3,"5":3,"6":3,"7":9,"8":9,"9":9,"10":9,"11":9,"12":2,"13":2,"14":9,"15":1,"16":1,"17":9,"18":9,"19":8,"20":3,"21":3,"22":3,"23":5,"24":5,"25":1,"26":1,"27":5,"28":5,"29":5,"30":5,"31":4,"32":1,"33":1,"34":1,"35":3,"36":3,"37":1,"38":1,"39":4,"40":4,"41":4,"42":4,"43":3,"44":1,"45":1,"46":1,"47":2,"48":2,"49":2,"50":1,"51":1,"52":4,"53":4,"54":4,"55":4,"56":4,"57":3,"58":1,"59":1,"60":1,"61":2,"62":1,"63":1,"64":4,"65":4,"66":4,"67":4,"68":3,"69":1,"70":1,"71":1,"72":2,"73":2,"74":1,"75":1},"f":{"0":9,"1":5,"2":4,"3":4,"4":4},"b":{"0":[2],"1":[1],"2":[3],"3":[1],"4":[1],"5":[1],"6":[1]}}
,"C:\\Users\\EmmanuelAsidigbe\\Desktop\\webdev\\amalitech\\week05\\lab\\controller\\enrollment_controller.ts": {"path":"C:\\Users\\EmmanuelAsidigbe\\Desktop\\webdev\\amalitech\\week05\\lab\\controller\\enrollment_controller.ts","statementMap":{"0":{"start":{"line":7,"column":0},"end":{"line":7,"column":22}},"1":{"start":{"line":68,"column":0},"end":{"line":68,"column":22}},"2":{"start":{"line":101,"column":0},"end":{"line":101,"column":22}},"3":{"start":{"line":156,"column":0},"end":{"line":156,"column":22}},"4":{"start":{"line":2,"column":0},"end":{"line":2,"column":40}},"5":{"start":{"line":3,"column":0},"end":{"line":3,"column":46}},"6":{"start":{"line":4,"column":0},"end":{"line":4,"column":38}},"7":{"start":{"line":5,"column":0},"end":{"line":5,"column":37}},"8":{"start":{"line":8,"column":36},"end":{"line":8,"column":44}},"9":{"start":{"line":9,"column":16},"end":{"line":9,"column":32}},"10":{"start":{"line":10,"column":2},"end":{"line":15,"column":4}},"11":{"start":{"line":16,"column":2},"end":{"line":66,"column":3}},"12":{"start":{"line":18,"column":20},"end":{"line":18,"column":53}},"13":{"start":{"line":19,"column":19},"end":{"line":19,"column":55}},"14":{"start":{"line":21,"column":4},"end":{"line":25,"column":5}},"15":{"start":{"line":22,"column":6},"end":{"line":22,"column":39}},"16":{"start":{"line":23,"column":6},"end":{"line":23,"column":61}},"17":{"start":{"line":24,"column":6},"end":{"line":24,"column":13}},"18":{"start":{"line":26,"column":4},"end":{"line":30,"column":5}},"19":{"start":{"line":27,"column":6},"end":{"line":27,"column":38}},"20":{"start":{"line":28,"column":6},"end":{"line":28,"column":60}},"21":{"start":{"line":29,"column":6},"end":{"line":29,"column":13}},"22":{"start":{"line":31,"column":4},"end":{"line":37,"column":5}},"23":{"start":{"line":32,"column":6},"end":{"line":32,"column":67}},"24":{"start":{"line":33,"column":6},"end":{"line":35,"column":9}},"25":{"start":{"line":36,"column":6},"end":{"line":36,"column":13}},"26":{"start":{"line":40,"column":31},"end":{"line":43,"column":6}},"27":{"start":{"line":44,"column":4},"end":{"line":50,"column":5}},"28":{"start":{"line":45,"column":6},"end":{"line":45,"column":64}},"29":{"start":{"line":46,"column":6},"end":{"line":48,"column":73}},"30":{"start":{"line":49,"column":6},"end":{"line":49,"column":13}},"31":{"start":{"line":53,"column":23},"end":{"line":53,"column":73}},"32":{"start":{"line":54,"column":4},"end":{"line":58,"column":5}},"33":{"start":{"line":55,"column":6},"end":{"line":55,"column":46}},"34":{"start":{"line":56,"column":6},"end":{"line":56,"column":68}},"35":{"start":{"line":57,"column":6},"end":{"line":57,"column":13}},"36":{"start":{"line":59,"column":4},"end":{"line":59,"column":49}},"37":{"start":{"line":60,"column":4},"end":{"line":62,"column":70}},"38":{"start":{"line":64,"column":4},"end":{"line":64,"column":44}},"39":{"start":{"line":65,"column":4},"end":{"line":65,"column":72}},"40":{"start":{"line":69,"column":24},"end":{"line":69,"column":34}},"41":{"start":{"line":70,"column":16},"end":{"line":70,"column":32}},"42":{"start":{"line":71,"column":2},"end":{"line":74,"column":4}},"43":{"start":{"line":75,"column":2},"end":{"line":97,"column":3}},"44":{"start":{"line":76,"column":24},"end":{"line":76,"column":60}},"45":{"start":{"line":78,"column":4},"end":{"line":84,"column":5}},"46":{"start":{"line":79,"column":6},"end":{"line":79,"column":59}},"47":{"start":{"line":80,"column":6},"end":{"line":82,"column":68}},"48":{"start":{"line":83,"column":6},"end":{"line":83,"column":13}},"49":{"start":{"line":85,"column":4},"end":{"line":91,"column":5}},"50":{"start":{"line":86,"column":6},"end":{"line":86,"column":61}},"51":{"start":{"line":87,"column":6},"end":{"line":89,"column":9}},"52":{"start":{"line":90,"column":6},"end":{"line":90,"column":13}},"53":{"start":{"line":93,"column":4},"end":{"line":93,"column":38}},"54":{"start":{"line":95,"column":4},"end":{"line":95,"column":57}},"55":{"start":{"line":96,"column":4},"end":{"line":96,"column":77}},"56":{"start":{"line":102,"column":25},"end":{"line":102,"column":35}},"57":{"start":{"line":103,"column":35},"end":{"line":103,"column":44}},"58":{"start":{"line":104,"column":2},"end":{"line":104,"column":76}},"59":{"start":{"line":105,"column":2},"end":{"line":153,"column":3}},"60":{"start":{"line":107,"column":23},"end":{"line":107,"column":51}},"61":{"start":{"line":108,"column":24},"end":{"line":108,"column":53}},"62":{"start":{"line":111,"column":4},"end":{"line":117,"column":5}},"63":{"start":{"line":112,"column":6},"end":{"line":112,"column":63}},"64":{"start":{"line":113,"column":6},"end":{"line":115,"column":72}},"65":{"start":{"line":116,"column":6},"end":{"line":116,"column":13}},"66":{"start":{"line":120,"column":17},"end":{"line":120,"column":47}},"67":{"start":{"line":123,"column":24},"end":{"line":127,"column":13}},"68":{"start":{"line":130,"column":4},"end":{"line":134,"column":5}},"69":{"start":{"line":131,"column":6},"end":{"line":131,"column":58}},"70":{"start":{"line":132,"column":6},"end":{"line":132,"column":80}},"71":{"start":{"line":133,"column":6},"end":{"line":133,"column":13}},"72":{"start":{"line":137,"column":18},"end":{"line":137,"column":65}},"73":{"start":{"line":139,"column":4},"end":{"line":139,"column":65}},"74":{"start":{"line":140,"column":4},"end":{"line":149,"column":7}},"75":{"start":{"line":151,"column":4},"end":{"line":151,"column":57}},"76":{"start":{"line":152,"column":4},"end":{"line":152,"column":77}},"77":{"start":{"line":157,"column":27},"end":{"line":157,"column":37}},"78":{"start":{"line":158,"column":16},"end":{"line":158,"column":32}},"79":{"start":{"line":159,"column":2},"end":{"line":159,"column":72}},"80":{"start":{"line":160,"column":2},"end":{"line":188,"column":3}},"81":{"start":{"line":161,"column":23},"end":{"line":161,"column":62}},"82":{"start":{"line":163,"column":4},"end":{"line":167,"column":5}},"83":{"start":{"line":164,"column":6},"end":{"line":164,"column":42}},"84":{"start":{"line":165,"column":6},"end":{"line":165,"column":64}},"85":{"start":{"line":166,"column":6},"end":{"line":166,"column":13}},"86":{"start":{"line":168,"column":4},"end":{"line":174,"column":5}},"87":{"start":{"line":169,"column":6},"end":{"line":169,"column":67}},"88":{"start":{"line":170,"column":6},"end":{"line":172,"column":9}},"89":{"start":{"line":173,"column":6},"end":{"line":173,"column":13}},"90":{"start":{"line":176,"column":30},"end":{"line":176,"column":78}},"91":{"start":{"line":178,"column":4},"end":{"line":182,"column":5}},"92":{"start":{"line":179,"column":6},"end":{"line":179,"column":42}},"93":{"start":{"line":180,"column":6},"end":{"line":180,"column":64}},"94":{"start":{"line":181,"column":6},"end":{"line":181,"column":13}},"95":{"start":{"line":183,"column":4},"end":{"line":183,"column":52}},"96":{"start":{"line":184,"column":4},"end":{"line":184,"column":74}},"97":{"start":{"line":186,"column":4},"end":{"line":186,"column":55}},"98":{"start":{"line":187,"column":4},"end":{"line":187,"column":75}}},"fnMap":{"0":{"name":"enrollStudent","decl":{"start":{"line":7,"column":22},"end":{"line":7,"column":35}},"loc":{"start":{"line":7,"column":63},"end":{"line":67,"column":null}}},"1":{"name":"getEnrollmentsForStudent","decl":{"start":{"line":68,"column":22},"end":{"line":68,"column":46}},"loc":{"start":{"line":68,"column":74},"end":{"line":98,"column":null}}},"2":{"name":"getEnrollmentsForCourse","decl":{"start":{"line":101,"column":22},"end":{"line":101,"column":45}},"loc":{"start":{"line":101,"column":73},"end":{"line":154,"column":null}}},"3":{"name":"cancelEnrollment","decl":{"start":{"line":156,"column":22},"end":{"line":156,"column":38}},"loc":{"start":{"line":156,"column":66},"end":{"line":189,"column":null}}}},"branchMap":{"0":{"loc":{"start":{"line":21,"column":4},"end":{"line":25,"column":5}},"type":"if","locations":[{"start":{"line":21,"column":4},"end":{"line":25,"column":5}}]},"1":{"loc":{"start":{"line":26,"column":4},"end":{"line":30,"column":5}},"type":"if","locations":[{"start":{"line":26,"column":4},"end":{"line":30,"column":5}}]},"2":{"loc":{"start":{"line":31,"column":4},"end":{"line":37,"column":5}},"type":"if","locations":[{"start":{"line":31,"column":4},"end":{"line":37,"column":5}}]},"3":{"loc":{"start":{"line":31,"column":8},"end":{"line":31,"column":64}},"type":"binary-expr","locations":[{"start":{"line":31,"column":8},"end":{"line":31,"column":36}},{"start":{"line":31,"column":40},"end":{"line":31,"column":64}}]},"4":{"loc":{"start":{"line":44,"column":4},"end":{"line":50,"column":5}},"type":"if","locations":[{"start":{"line":44,"column":4},"end":{"line":50,"column":5}}]},"5":{"loc":{"start":{"line":54,"column":4},"end":{"line":58,"column":5}},"type":"if","locations":[{"start":{"line":54,"column":4},"end":{"line":58,"column":5}}]},"6":{"loc":{"start":{"line":78,"column":4},"end":{"line":84,"column":5}},"type":"if","locations":[{"start":{"line":78,"column":4},"end":{"line":84,"column":5}}]},"7":{"loc":{"start":{"line":78,"column":8},"end":{"line":78,"column":48}},"type":"binary-expr","locations":[{"start":{"line":78,"column":8},"end":{"line":78,"column":20}},{"start":{"line":78,"column":24},"end":{"line":78,"column":48}}]},"8":{"loc":{"start":{"line":85,"column":4},"end":{"line":91,"column":5}},"type":"if","locations":[{"start":{"line":85,"column":4},"end":{"line":91,"column":5}}]},"9":{"loc":{"start":{"line":85,"column":8},"end":{"line":85,"column":77}},"type":"binary-expr","locations":[{"start":{"line":85,"column":8},"end":{"line":85,"column":36}},{"start":{"line":85,"column":40},"end":{"line":85,"column":77}}]},"10":{"loc":{"start":{"line":103,"column":10},"end":{"line":103,"column":18}},"type":"default-arg","locations":[{"start":{"line":103,"column":17},"end":{"line":103,"column":18}}]},"11":{"loc":{"start":{"line":103,"column":20},"end":{"line":103,"column":30}},"type":"default-arg","locations":[{"start":{"line":103,"column":28},"end":{"line":103,"column":30}}]},"12":{"loc":{"start":{"line":111,"column":4},"end":{"line":117,"column":5}},"type":"if","locations":[{"start":{"line":111,"column":4},"end":{"line":117,"column":5}}]},"13":{"loc":{"start":{"line":111,"column":8},"end":{"line":111,"column":43}},"type":"binary-expr","locations":[{"start":{"line":111,"column":8},"end":{"line":111,"column":23}},{"start":{"line":111,"column":27},"end":{"line":111,"column":43}}]},"14":{"loc":{"start":{"line":130,"column":4},"end":{"line":134,"column":5}},"type":"if","locations":[{"start":{"line":130,"column":4},"end":{"line":134,"column":5}}]},"15":{"loc":{"start":{"line":130,"column":8},"end":{"line":130,"column":48}},"type":"binary-expr","locations":[{"start":{"line":130,"column":8},"end":{"line":130,"column":20}},{"start":{"line":130,"column":24},"end":{"line":130,"column":48}}]},"16":{"loc":{"start":{"line":163,"column":4},"end":{"line":167,"column":5}},"type":"if","locations":[{"start":{"line":163,"column":4},"end":{"line":167,"column":5}}]},"17":{"loc":{"start":{"line":168,"column":4},"end":{"line":174,"column":5}},"type":"if","locations":[{"start":{"line":168,"column":4},"end":{"line":174,"column":5}}]},"18":{"loc":{"start":{"line":168,"column":8},"end":{"line":168,"column":73}},"type":"binary-expr","locations":[{"start":{"line":168,"column":8},"end":{"line":168,"column":36}},{"start":{"line":168,"column":40},"end":{"line":168,"column":73}}]},"19":{"loc":{"start":{"line":178,"column":4},"end":{"line":182,"column":5}},"type":"if","locations":[{"start":{"line":178,"column":4},"end":{"line":182,"column":5}}]}},"s":{"0":3,"1":3,"2":3,"3":3,"4":3,"5":3,"6":3,"7":3,"8":7,"9":7,"10":7,"11":7,"12":7,"13":6,"14":6,"15":1,"16":1,"17":1,"18":5,"19":1,"20":1,"21":1,"22":4,"23":1,"24":1,"25":1,"26":3,"27":3,"28":1,"29":1,"30":1,"31":2,"32":2,"33":1,"34":1,"35":1,"36":1,"37":1,"38":1,"39":1,"40":4,"41":4,"42":4,"43":4,"44":4,"45":3,"46":1,"47":1,"48":1,"49":2,"50":1,"51":1,"52":1,"53":1,"54":1,"55":1,"56":5,"57":5,"58":5,"59":5,"60":5,"61":5,"62":5,"63":1,"64":1,"65":1,"66":4,"67":4,"68":3,"69":1,"70":1,"71":1,"72":2,"73":2,"74":2,"75":1,"76":1,"77":5,"78":5,"79":5,"80":5,"81":5,"82":4,"83":1,"84":1,"85":1,"86":3,"87":1,"88":1,"89":1,"90":2,"91":2,"92":1,"93":1,"94":1,"95":1,"96":1,"97":1,"98":1},"f":{"0":7,"1":4,"2":5,"3":5},"b":{"0":[1],"1":[1],"2":[1],"3":[4,4],"4":[1],"5":[1],"6":[1],"7":[3,3],"8":[1],"9":[2,2],"10":[1],"11":[1],"12":[1],"13":[5,4],"14":[1],"15":[3,3],"16":[1],"17":[1],"18":[3,3],"19":[1]}}
,"C:\\Users\\EmmanuelAsidigbe\\Desktop\\webdev\\amalitech\\week05\\lab\\controller\\sort_controller.ts": {"path":"C:\\Users\\EmmanuelAsidigbe\\Desktop\\webdev\\amalitech\\week05\\lab\\controller\\sort_controller.ts","statementMap":{"0":{"start":{"line":12,"column":0},"end":{"line":12,"column":22}},"1":{"start":{"line":86,"column":0},"end":{"line":86,"column":22}},"2":{"start":{"line":2,"column":0},"end":{"line":2,"column":40}},"3":{"start":{"line":3,"column":0},"end":{"line":3,"column":38}},"4":{"start":{"line":4,"column":0},"end":{"line":4,"column":69}},"5":{"start":{"line":5,"column":0},"end":{"line":5,"column":63}},"6":{"start":{"line":6,"column":0},"end":{"line":6,"column":37}},"7":{"start":{"line":7,"column":0},"end":{"line":7,"column":48}},"8":{"start":{"line":13,"column":27},"end":{"line":13,"column":36}},"9":{"start":{"line":14,"column":2},"end":{"line":16,"column":4}},"10":{"start":{"line":19,"column":2},"end":{"line":25,"column":3}},"11":{"start":{"line":20,"column":4},"end":{"line":20,"column":54}},"12":{"start":{"line":21,"column":4},"end":{"line":23,"column":7}},"13":{"start":{"line":24,"column":4},"end":{"line":24,"column":11}},"14":{"start":{"line":27,"column":2},"end":{"line":33,"column":3}},"15":{"start":{"line":28,"column":4},"end":{"line":28,"column":54}},"16":{"start":{"line":29,"column":4},"end":{"line":31,"column":7}},"17":{"start":{"line":32,"column":4},"end":{"line":32,"column":11}},"18":{"start":{"line":35,"column":19},"end":{"line":35,"column":63}},"19":{"start":{"line":37,"column":2},"end":{"line":82,"column":3}},"20":{"start":{"line":39,"column":23},"end":{"line":39,"column":54}},"21":{"start":{"line":40,"column":4},"end":{"line":44,"column":5}},"22":{"start":{"line":41,"column":6},"end":{"line":41,"column":58}},"23":{"start":{"line":42,"column":6},"end":{"line":42,"column":39}},"24":{"start":{"line":43,"column":6},"end":{"line":43,"column":12}},"25":{"start":{"line":47,"column":21},"end":{"line":47,"column":43}},"26":{"start":{"line":48,"column":4},"end":{"line":52,"column":5}},"27":{"start":{"line":49,"column":6},"end":{"line":49,"column":39}},"28":{"start":{"line":50,"column":6},"end":{"line":50,"column":61}},"29":{"start":{"line":51,"column":6},"end":{"line":51,"column":12}},"30":{"start":{"line":54,"column":25},"end":{"line":54,"column":61}},"31":{"start":{"line":56,"column":4},"end":{"line":58,"column":5}},"32":{"start":{"line":57,"column":6},"end":{"line":57,"column":48}},"33":{"start":{"line":60,"column":19},"end":{"line":64,"column":7}},"34":{"start":{"line":60,"column":52},"end":{"line":64,"column":6}},"35":{"start":{"line":66,"column":28},"end":{"line":70,"column":6}},"36":{"start":{"line":73,"column":4},"end":{"line":75,"column":7}},"37":{"start":{"line":77,"column":4},"end":{"line":77,"column":70}},"38":{"start":{"line":78,"column":4},"end":{"line":78,"column":30}},"39":{"start":{"line":80,"column":4},"end":{"line":80,"column":51}},"40":{"start":{"line":81,"column":4},"end":{"line":81,"column":71}},"41":{"start":{"line":87,"column":27},"end":{"line":87,"column":36}},"42":{"start":{"line":88,"column":2},"end":{"line":90,"column":4}},"43":{"start":{"line":93,"column":2},"end":{"line":99,"column":3}},"44":{"start":{"line":94,"column":4},"end":{"line":94,"column":54}},"45":{"start":{"line":95,"column":4},"end":{"line":97,"column":7}},"46":{"start":{"line":98,"column":4},"end":{"line":98,"column":11}},"47":{"start":{"line":101,"column":2},"end":{"line":107,"column":3}},"48":{"start":{"line":102,"column":4},"end":{"line":102,"column":54}},"49":{"start":{"line":103,"column":4},"end":{"line":105,"column":7}},"50":{"start":{"line":106,"column":4},"end":{"line":106,"column":11}},"51":{"start":{"line":109,"column":19},"end":{"line":109,"column":62}},"52":{"start":{"line":111,"column":2},"end":{"line":154,"column":3}},"53":{"start":{"line":113,"column":23},"end":{"line":113,"column":54}},"54":{"start":{"line":114,"column":4},"end":{"line":118,"column":5}},"55":{"start":{"line":115,"column":6},"end":{"line":115,"column":31}},"56":{"start":{"line":116,"column":6},"end":{"line":116,"column":39}},"57":{"start":{"line":117,"column":6},"end":{"line":117,"column":12}},"58":{"start":{"line":120,"column":20},"end":{"line":120,"column":41}},"59":{"start":{"line":121,"column":4},"end":{"line":125,"column":5}},"60":{"start":{"line":122,"column":6},"end":{"line":122,"column":38}},"61":{"start":{"line":123,"column":6},"end":{"line":123,"column":60}},"62":{"start":{"line":124,"column":6},"end":{"line":124,"column":12}},"63":{"start":{"line":127,"column":24},"end":{"line":127,"column":59}},"64":{"start":{"line":128,"column":4},"end":{"line":130,"column":5}},"65":{"start":{"line":129,"column":6},"end":{"line":129,"column":46}},"66":{"start":{"line":132,"column":19},"end":{"line":137,"column":7}},"67":{"start":{"line":132,"column":50},"end":{"line":137,"column":6}},"68":{"start":{"line":139,"column":28},"end":{"line":143,"column":6}},"69":{"start":{"line":145,"column":4},"end":{"line":147,"column":7}},"70":{"start":{"line":149,"column":4},"end":{"line":149,"column":30}},"71":{"start":{"line":150,"column":4},"end":{"line":150,"column":30}},"72":{"start":{"line":152,"column":4},"end":{"line":152,"column":50}},"73":{"start":{"line":153,"column":4},"end":{"line":153,"column":70}}},"fnMap":{"0":{"name":"getSortedStudents","decl":{"start":{"line":12,"column":22},"end":{"line":12,"column":39}},"loc":{"start":{"line":12,"column":67},"end":{"line":83,"column":null}}},"1":{"name":"(anonymous_10)","decl":{"start":{"line":60,"column":38},"end":{"line":60,"column":39}},"loc":{"start":{"line":60,"column":52},"end":{"line":64,"column":6}}},"2":{"name":"getSortedCourses","decl":{"start":{"line":86,"column":22},"end":{"line":86,"column":38}},"loc":{"start":{"line":86,"column":66},"end":{"line":155,"column":null}}},"3":{"name":"(anonymous_13)","decl":{"start":{"line":132,"column":37},"end":{"line":132,"column":38}},"loc":{"start":{"line":132,"column":50},"end":{"line":137,"column":6}}}},"branchMap":{"0":{"loc":{"start":{"line":19,"column":2},"end":{"line":25,"column":3}},"type":"if","locations":[{"start":{"line":19,"column":2},"end":{"line":25,"column":3}}]},"1":{"loc":{"start":{"line":19,"column":6},"end":{"line":19,"column":55}},"type":"binary-expr","locations":[{"start":{"line":19,"column":6},"end":{"line":19,"column":12}},{"start":{"line":19,"column":16},"end":{"line":19,"column":55}}]},"2":{"loc":{"start":{"line":27,"column":2},"end":{"line":33,"column":3}},"type":"if","locations":[{"start":{"line":27,"column":2},"end":{"line":33,"column":3}}]},"3":{"loc":{"start":{"line":27,"column":6},"end":{"line":27,"column":45}},"type":"binary-expr","locations":[{"start":{"line":27,"column":6},"end":{"line":27,"column":11}},{"start":{"line":27,"column":15},"end":{"line":27,"column":45}}]},"4":{"loc":{"start":{"line":35,"column":47},"end":{"line":35,"column":61}},"type":"binary-expr","locations":[{"start":{"line":35,"column":47},"end":{"line":35,"column":52}},{"start":{"line":35,"column":56},"end":{"line":35,"column":61}}]},"5":{"loc":{"start":{"line":40,"column":4},"end":{"line":44,"column":5}},"type":"if","locations":[{"start":{"line":40,"column":4},"end":{"line":44,"column":5}}]},"6":{"loc":{"start":{"line":48,"column":4},"end":{"line":52,"column":5}},"type":"if","locations":[{"start":{"line":48,"column":4},"end":{"line":52,"column":5}}]},"7":{"loc":{"start":{"line":48,"column":8},"end":{"line":48,"column":42}},"type":"binary-expr","locations":[{"start":{"line":48,"column":8},"end":{"line":48,"column":17}},{"start":{"line":48,"column":21},"end":{"line":48,"column":42}}]},"8":{"loc":{"start":{"line":56,"column":4},"end":{"line":58,"column":5}},"type":"if","locations":[{"start":{"line":56,"column":4},"end":{"line":58,"column":5}}]},"9":{"loc":{"start":{"line":68,"column":13},"end":{"line":68,"column":27}},"type":"binary-expr","locations":[{"start":{"line":68,"column":13},"end":{"line":68,"column":18}},{"start":{"line":68,"column":22},"end":{"line":68,"column":27}}]},"10":{"loc":{"start":{"line":93,"column":2},"end":{"line":99,"column":3}},"type":"if","locations":[{"start":{"line":93,"column":2},"end":{"line":99,"column":3}}]},"11":{"loc":{"start":{"line":93,"column":6},"end":{"line":93,"column":54}},"type":"binary-expr","locations":[{"start":{"line":93,"column":6},"end":{"line":93,"column":12}},{"start":{"line":93,"column":16},"end":{"line":93,"column":54}}]},"12":{"loc":{"start":{"line":101,"column":2},"end":{"line":107,"column":3}},"type":"if","locations":[{"start":{"line":101,"column":2},"end":{"line":107,"column":3}}]},"13":{"loc":{"start":{"line":101,"column":6},"end":{"line":101,"column":45}},"type":"binary-expr","locations":[{"start":{"line":101,"column":6},"end":{"line":101,"column":11}},{"start":{"line":101,"column":15},"end":{"line":101,"column":45}}]},"14":{"loc":{"start":{"line":109,"column":46},"end":{"line":109,"column":60}},"type":"binary-expr","locations":[{"start":{"line":109,"column":46},"end":{"line":109,"column":51}},{"start":{"line":109,"column":55},"end":{"line":109,"column":60}}]},"15":{"loc":{"start":{"line":114,"column":4},"end":{"line":118,"column":5}},"type":"if","locations":[{"start":{"line":114,"column":4},"end":{"line":118,"column":5}}]},"16":{"loc":{"start":{"line":121,"column":4},"end":{"line":125,"column":5}},"type":"if","locations":[{"start":{"line":121,"column":4},"end":{"line":125,"column":5}}]},"17":{"loc":{"start":{"line":121,"column":8},"end":{"line":121,"column":40}},"type":"binary-expr","locations":[{"start":{"line":121,"column":8},"end":{"line":121,"column":16}},{"start":{"line":121,"column":20},"end":{"line":121,"column":40}}]},"18":{"loc":{"start":{"line":128,"column":4},"end":{"line":130,"column":5}},"type":"if","locations":[{"start":{"line":128,"column":4},"end":{"line":130,"column":5}}]},"19":{"loc":{"start":{"line":141,"column":13},"end":{"line":141,"column":27}},"type":"binary-expr","locations":[{"start":{"line":141,"column":13},"end":{"line":141,"column":18}},{"start":{"line":141,"column":22},"end":{"line":141,"column":27}}]}},"s":{"0":3,"1":3,"2":3,"3":3,"4":3,"5":3,"6":3,"7":3,"8":7,"9":7,"10":7,"11":1,"12":1,"13":1,"14":6,"15":1,"16":1,"17":1,"18":5,"19":5,"20":5,"21":4,"22":1,"23":1,"24":1,"25":3,"26":3,"27":1,"28":1,"29":1,"30":2,"31":2,"32":1,"33":2,"34":4,"35":2,"36":2,"37":2,"38":2,"39":1,"40":1,"41":6,"42":6,"43":6,"44":1,"45":1,"46":1,"47":5,"48":1,"49":1,"50":1,"51":4,"52":4,"53":4,"54":3,"55":1,"56":1,"57":1,"58":2,"59":2,"60":1,"61":1,"62":1,"63":1,"64":1,"65":0,"66":1,"67":2,"68":1,"69":1,"70":1,"71":1,"72":1,"73":1},"f":{"0":7,"1":4,"2":6,"3":2},"b":{"0":[1],"1":[7,7],"2":[1],"3":[6,6],"4":[5,0],"5":[1],"6":[1],"7":[3,3],"8":[1],"9":[2,0],"10":[1],"11":[6,6],"12":[1],"13":[5,5],"14":[4,0],"15":[1],"16":[1],"17":[2,2],"18":[0],"19":[1,0]}}
,"C:\\Users\\EmmanuelAsidigbe\\Desktop\\webdev\\amalitech\\week05\\lab\\controller\\student_controller.ts": {"path":"C:\\Users\\EmmanuelAsidigbe\\Desktop\\webdev\\amalitech\\week05\\lab\\controller\\student_controller.ts","statementMap":{"0":{"start":{"line":8,"column":0},"end":{"line":8,"column":22}},"1":{"start":{"line":63,"column":0},"end":{"line":63,"column":22}},"2":{"start":{"line":92,"column":0},"end":{"line":92,"column":22}},"3":{"start":{"line":125,"column":0},"end":{"line":125,"column":22}},"4":{"start":{"line":157,"column":0},"end":{"line":157,"column":22}},"5":{"start":{"line":2,"column":0},"end":{"line":2,"column":40}},"6":{"start":{"line":5,"column":0},"end":{"line":5,"column":37}},"7":{"start":{"line":9,"column":2},"end":{"line":60,"column":3}},"8":{"start":{"line":10,"column":69},"end":{"line":10,"column":78}},"9":{"start":{"line":13,"column":15},"end":{"line":16,"column":null}},"10":{"start":{"line":20,"column":4},"end":{"line":24,"column":5}},"11":{"start":{"line":21,"column":6},"end":{"line":21,"column":47}},"12":{"start":{"line":22,"column":6},"end":{"line":22,"column":56}},"13":{"start":{"line":22,"column":20},"end":{"line":22,"column":56}},"14":{"start":{"line":23,"column":6},"end":{"line":23,"column":56}},"15":{"start":{"line":23,"column":20},"end":{"line":23,"column":56}},"16":{"start":{"line":27,"column":20},"end":{"line":27,"column":53}},"17":{"start":{"line":28,"column":21},"end":{"line":28,"column":56}},"18":{"start":{"line":31,"column":21},"end":{"line":34,"column":22}},"19":{"start":{"line":37,"column":18},"end":{"line":37,"column":53}},"20":{"start":{"line":40,"column":4},"end":{"line":44,"column":5}},"21":{"start":{"line":41,"column":6},"end":{"line":41,"column":40}},"22":{"start":{"line":42,"column":6},"end":{"line":42,"column":61}},"23":{"start":{"line":43,"column":5},"end":{"line":43,"column":11}},"24":{"start":{"line":46,"column":4},"end":{"line":56,"column":7}},"25":{"start":{"line":58,"column":4},"end":{"line":58,"column":54}},"26":{"start":{"line":59,"column":4},"end":{"line":59,"column":67}},"27":{"start":{"line":64,"column":22},"end":{"line":64,"column":35}},"28":{"start":{"line":65,"column":16},"end":{"line":65,"column":32}},"29":{"start":{"line":66,"column":2},"end":{"line":90,"column":3}},"30":{"start":{"line":67,"column":4},"end":{"line":67,"column":64}},"31":{"start":{"line":68,"column":22},"end":{"line":68,"column":49}},"32":{"start":{"line":69,"column":4},"end":{"line":74,"column":5}},"33":{"start":{"line":70,"column":6},"end":{"line":70,"column":54}},"34":{"start":{"line":71,"column":6},"end":{"line":71,"column":61}},"35":{"start":{"line":72,"column":6},"end":{"line":72,"column":12}},"36":{"start":{"line":75,"column":5},"end":{"line":84,"column":6}},"37":{"start":{"line":79,"column":7},"end":{"line":79,"column":62}},"38":{"start":{"line":80,"column":7},"end":{"line":82,"column":10}},"39":{"start":{"line":83,"column":7},"end":{"line":83,"column":14}},"40":{"start":{"line":86,"column":4},"end":{"line":86,"column":59}},"41":{"start":{"line":88,"column":4},"end":{"line":88,"column":53}},"42":{"start":{"line":89,"column":4},"end":{"line":89,"column":null}},"43":{"start":{"line":93,"column":2},"end":{"line":123,"column":3}},"44":{"start":{"line":96,"column":6},"end":{"line":96,"column":14}},"45":{"start":{"line":97,"column":4},"end":{"line":97,"column":75}},"46":{"start":{"line":101,"column":23},"end":{"line":110,"column":6}},"47":{"start":{"line":113,"column":4},"end":{"line":113,"column":48}},"48":{"start":{"line":114,"column":5},"end":{"line":117,"column":7}},"49":{"start":{"line":120,"column":3},"end":{"line":120,"column":50}},"50":{"start":{"line":122,"column":3},"end":{"line":122,"column":53}},"51":{"start":{"line":126,"column":17},"end":{"line":126,"column":27}},"52":{"start":{"line":127,"column":21},"end":{"line":127,"column":29}},"53":{"start":{"line":128,"column":2},"end":{"line":128,"column":59}},"54":{"start":{"line":129,"column":2},"end":{"line":155,"column":3}},"55":{"start":{"line":130,"column":21},"end":{"line":130,"column":47}},"56":{"start":{"line":131,"column":5},"end":{"line":135,"column":6}},"57":{"start":{"line":132,"column":6},"end":{"line":132,"column":79}},"58":{"start":{"line":133,"column":7},"end":{"line":133,"column":62}},"59":{"start":{"line":134,"column":6},"end":{"line":134,"column":12}},"60":{"start":{"line":136,"column":4},"end":{"line":143,"column":5}},"61":{"start":{"line":138,"column":6},"end":{"line":138,"column":67}},"62":{"start":{"line":139,"column":6},"end":{"line":141,"column":9}},"63":{"start":{"line":142,"column":6},"end":{"line":142,"column":12}},"64":{"start":{"line":145,"column":27},"end":{"line":149,"column":6}},"65":{"start":{"line":151,"column":4},"end":{"line":151,"column":54}},"66":{"start":{"line":153,"column":4},"end":{"line":153,"column":51}},"67":{"start":{"line":154,"column":4},"end":{"line":154,"column":77}},"68":{"start":{"line":159,"column":17},"end":{"line":159,"column":27}},"69":{"start":{"line":161,"column":2},"end":{"line":182,"column":3}},"70":{"start":{"line":163,"column":4},"end":{"line":163,"column":61}},"71":{"start":{"line":166,"column":27},"end":{"line":166,"column":62}},"72":{"start":{"line":169,"column":4},"end":{"line":173,"column":5}},"73":{"start":{"line":170,"column":6},"end":{"line":170,"column":79}},"74":{"start":{"line":171,"column":6},"end":{"line":171,"column":61}},"75":{"start":{"line":172,"column":6},"end":{"line":172,"column":13}},"76":{"start":{"line":176,"column":4},"end":{"line":176,"column":68}},"77":{"start":{"line":177,"column":4},"end":{"line":177,"column":54}},"78":{"start":{"line":180,"column":4},"end":{"line":180,"column":78}},"79":{"start":{"line":181,"column":4},"end":{"line":181,"column":54}}},"fnMap":{"0":{"name":"getStudents","decl":{"start":{"line":8,"column":22},"end":{"line":8,"column":33}},"loc":{"start":{"line":8,"column":61},"end":{"line":61,"column":null}}},"1":{"name":"getStudentById","decl":{"start":{"line":63,"column":22},"end":{"line":63,"column":36}},"loc":{"start":{"line":63,"column":64},"end":{"line":91,"column":null}}},"2":{"name":"createStudent","decl":{"start":{"line":92,"column":22},"end":{"line":92,"column":35}},"loc":{"start":{"line":92,"column":63},"end":{"line":124,"column":null}}},"3":{"name":"updateStudent","decl":{"start":{"line":125,"column":22},"end":{"line":125,"column":35}},"loc":{"start":{"line":125,"column":63},"end":{"line":156,"column":null}}},"4":{"name":"deleteStudent","decl":{"start":{"line":157,"column":22},"end":{"line":157,"column":35}},"loc":{"start":{"line":157,"column":63},"end":{"line":183,"column":null}}}},"branchMap":{"0":{"loc":{"start":{"line":14,"column":10},"end":{"line":14,"column":73}},"type":"cond-expr","locations":[{"start":{"line":14,"column":17},"end":{"line":14,"column":68}},{"start":{"line":14,"column":71},"end":{"line":14,"column":73}}]},"1":{"loc":{"start":{"line":15,"column":10},"end":{"line":15,"column":52}},"type":"cond-expr","locations":[{"start":{"line":15,"column":19},"end":{"line":15,"column":47}},{"start":{"line":15,"column":50},"end":{"line":15,"column":52}}]},"2":{"loc":{"start":{"line":16,"column":10},"end":{"line":16,"column":47}},"type":"cond-expr","locations":[{"start":{"line":16,"column":18},"end":{"line":16,"column":42}},{"start":{"line":16,"column":45},"end":{"line":16,"column":47}}]},"3":{"loc":{"start":{"line":20,"column":4},"end":{"line":24,"column":5}},"type":"if","locations":[{"start":{"line":20,"column":4},"end":{"line":24,"column":5}}]},"4":{"loc":{"start":{"line":20,"column":8},"end":{"line":20,"column":28}},"type":"binary-expr","locations":[{"start":{"line":20,"column":8},"end":{"line":20,"column":16}},{"start":{"line":20,"column":20},"end":{"line":20,"column":28}}]},"5":{"loc":{"start":{"line":21,"column":26},"end":{"line":21,"column":43}},"type":"binary-expr","locations":[{"start":{"line":21,"column":26},"end":{"line":21,"column":37}},{"start":{"line":21,"column":41},"end":{"line":21,"column":43}}]},"6":{"loc":{"start":{"line":22,"column":6},"end":{"line":22,"column":56}},"type":"if","locations":[{"start":{"line":22,"column":6},"end":{"line":22,"column":56}}]},"7":{"loc":{"start":{"line":23,"column":6},"end":{"line":23,"column":56}},"type":"if","locations":[{"start":{"line":23,"column":6},"end":{"line":23,"column":56}}]},"8":{"loc":{"start":{"line":27,"column":20},"end":{"line":27,"column":53}},"type":"binary-expr","locations":[{"start":{"line":27,"column":20},"end":{"line":27,"column":48}},{"start":{"line":27,"column":52},"end":{"line":27,"column":53}}]},"9":{"loc":{"start":{"line":28,"column":21},"end":{"line":28,"column":56}},"type":"binary-expr","locations":[{"start":{"line":28,"column":21},"end":{"line":28,"column":50}},{"start":{"line":28,"column":54},"end":{"line":28,"column":56}}]},"10":{"loc":{"start":{"line":40,"column":4},"end":{"line":44,"column":5}},"type":"if","locations":[{"start":{"line":40,"column":4},"end":{"line":44,"column":5}}]},"11":{"loc":{"start":{"line":69,"column":4},"end":{"line":74,"column":5}},"type":"if","locations":[{"start":{"line":69,"column":4},"end":{"line":74,"column":5}}]},"12":{"loc":{"start":{"line":75,"column":5},"end":{"line":84,"column":6}},"type":"if","locations":[{"start":{"line":75,"column":5},"end":{"line":84,"column":6}}]},"13":{"loc":{"start":{"line":76,"column":7},"end":{"line":77,"column":50}},"type":"binary-expr","locations":[{"start":{"line":76,"column":7},"end":{"line":76,"column":35}},{"start":{"line":77,"column":7},"end":{"line":77,"column":50}}]},"14":{"loc":{"start":{"line":131,"column":5},"end":{"line":135,"column":6}},"type":"if","locations":[{"start":{"line":131,"column":5},"end":{"line":135,"column":6}}]},"15":{"loc":{"start":{"line":136,"column":4},"end":{"line":143,"column":5}},"type":"if","locations":[{"start":{"line":136,"column":4},"end":{"line":143,"column":5}}]},"16":{"loc":{"start":{"line":136,"column":9},"end":{"line":136,"column":109}},"type":"binary-expr","locations":[{"start":{"line":136,"column":9},"end":{"line":136,"column":49}},{"start":{"line":136,"column":54},"end":{"line":136,"column":109}}]},"17":{"loc":{"start":{"line":169,"column":4},"end":{"line":173,"column":5}},"type":"if","locations":[{"start":{"line":169,"column":4},"end":{"line":173,"column":5}}]}},"s":{"0":3,"1":3,"2":3,"3":3,"4":3,"5":3,"6":3,"7":8,"8":8,"9":8,"10":8,"11":1,"12":1,"13":1,"14":1,"15":1,"16":8,"17":8,"18":8,"19":6,"20":6,"21":2,"22":2,"23":2,"24":4,"25":2,"26":2,"27":6,"28":6,"29":6,"30":6,"31":6,"32":5,"33":1,"34":1,"35":1,"36":4,"37":1,"38":1,"39":1,"40":3,"41":1,"42":1,"43":3,"44":3,"45":3,"46":3,"47":2,"48":2,"49":1,"50":1,"51":6,"52":6,"53":6,"54":6,"55":6,"56":5,"57":1,"58":1,"59":1,"60":4,"61":1,"62":1,"63":1,"64":3,"65":3,"66":1,"67":1,"68":4,"69":4,"70":4,"71":4,"72":3,"73":1,"74":1,"75":1,"76":2,"77":2,"78":1,"79":1},"f":{"0":8,"1":6,"2":3,"3":6,"4":4},"b":{"0":[1,7],"1":[1,7],"2":[1,7],"3":[1],"4":[8,7],"5":[1,1],"6":[1],"7":[1],"8":[8,6],"9":[8,6],"10":[2],"11":[1],"12":[1],"13":[4,3],"14":[1],"15":[1],"16":[4,2],"17":[1]}}
,"C:\\Users\\EmmanuelAsidigbe\\Desktop\\webdev\\amalitech\\week05\\lab\\helpers\\helper.ts": {"path":"C:\\Users\\EmmanuelAsidigbe\\Desktop\\webdev\\amalitech\\week05\\lab\\helpers\\helper.ts","statementMap":{"0":{"start":{"line":1,"column":0},"end":{"line":1,"column":16}},"1":{"start":{"line":5,"column":0},"end":{"line":5,"column":16}},"2":{"start":{"line":2,"column":2},"end":{"line":2,"column":55}},"3":{"start":{"line":6,"column":2},"end":{"line":6,"column":45}}},"fnMap":{"0":{"name":"isFieldValid","decl":{"start":{"line":1,"column":16},"end":{"line":1,"column":28}},"loc":{"start":{"line":1,"column":54},"end":{"line":3,"column":1}}},"1":{"name":"isValidOrder","decl":{"start":{"line":5,"column":16},"end":{"line":5,"column":28}},"loc":{"start":{"line":5,"column":54},"end":{"line":7,"column":1}}}},"branchMap":{"0":{"loc":{"start":{"line":6,"column":9},"end":{"line":6,"column":44}},"type":"binary-expr","locations":[{"start":{"line":6,"column":9},"end":{"line":6,"column":24}},{"start":{"line":6,"column":28},"end":{"line":6,"column":44}}]}},"s":{"0":3,"1":3,"2":4,"3":3},"f":{"0":4,"1":3},"b":{"0":[3,2]}}
,"C:\\Users\\EmmanuelAsidigbe\\Desktop\\webdev\\amalitech\\week05\\lab\\helpers\\sorting_argorithms.ts": {"path":"C:\\Users\\EmmanuelAsidigbe\\Desktop\\webdev\\amalitech\\week05\\lab\\helpers\\sorting_argorithms.ts","statementMap":{"0":{"start":{"line":2,"column":0},"end":{"line":2,"column":16}},"1":{"start":{"line":25,"column":0},"end":{"line":25,"column":16}},"2":{"start":{"line":3,"column":2},"end":{"line":3,"column":34}},"3":{"start":{"line":3,"column":23},"end":{"line":3,"column":34}},"4":{"start":{"line":5,"column":14},"end":{"line":5,"column":40}},"5":{"start":{"line":6,"column":15},"end":{"line":6,"column":48}},"6":{"start":{"line":7,"column":16},"end":{"line":7,"column":46}},"7":{"start":{"line":9,"column":2},"end":{"line":9,"column":33}},"8":{"start":{"line":13,"column":22},"end":{"line":13,"column":24}},"9":{"start":{"line":14,"column":10},"end":{"line":14,"column":11}},"10":{"start":{"line":15,"column":8},"end":{"line":15,"column":9}},"11":{"start":{"line":17,"column":2},"end":{"line":20,"column":3}},"12":{"start":{"line":18,"column":4},"end":{"line":19,"column":33}},"13":{"start":{"line":18,"column":38},"end":{"line":18,"column":61}},"14":{"start":{"line":19,"column":9},"end":{"line":19,"column":33}},"15":{"start":{"line":22,"column":2},"end":{"line":22,"column":54}},"16":{"start":{"line":26,"column":2},"end":{"line":26,"column":34}},"17":{"start":{"line":26,"column":23},"end":{"line":26,"column":34}},"18":{"start":{"line":28,"column":16},"end":{"line":28,"column":22}},"19":{"start":{"line":29,"column":15},"end":{"line":29,"column":68}},"20":{"start":{"line":29,"column":45},"end":{"line":29,"column":67}},"21":{"start":{"line":30,"column":16},"end":{"line":30,"column":70}},"22":{"start":{"line":30,"column":46},"end":{"line":30,"column":69}},"23":{"start":{"line":32,"column":2},"end":{"line":32,"column":68}}},"fnMap":{"0":{"name":"mergeSort","decl":{"start":{"line":2,"column":16},"end":{"line":2,"column":25}},"loc":{"start":{"line":2,"column":49},"end":{"line":10,"column":1}}},"1":{"name":"merge","decl":{"start":{"line":12,"column":9},"end":{"line":12,"column":14}},"loc":{"start":{"line":12,"column":53},"end":{"line":23,"column":1}}},"2":{"name":"quickSort","decl":{"start":{"line":25,"column":16},"end":{"line":25,"column":25}},"loc":{"start":{"line":25,"column":49},"end":{"line":33,"column":1}}},"3":{"name":"(anonymous_3)","decl":{"start":{"line":29,"column":35},"end":{"line":29,"column":36}},"loc":{"start":{"line":29,"column":45},"end":{"line":29,"column":67}}},"4":{"name":"(anonymous_4)","decl":{"start":{"line":30,"column":36},"end":{"line":30,"column":37}},"loc":{"start":{"line":30,"column":46},"end":{"line":30,"column":69}}}},"branchMap":{"0":{"loc":{"start":{"line":3,"column":2},"end":{"line":3,"column":34}},"type":"if","locations":[{"start":{"line":3,"column":2},"end":{"line":3,"column":34}}]},"1":{"loc":{"start":{"line":17,"column":9},"end":{"line":17,"column":44}},"type":"binary-expr","locations":[{"start":{"line":17,"column":9},"end":{"line":17,"column":24}},{"start":{"line":17,"column":28},"end":{"line":17,"column":44}}]},"2":{"loc":{"start":{"line":18,"column":4},"end":{"line":19,"column":33}},"type":"if","locations":[{"start":{"line":18,"column":4},"end":{"line":19,"column":33}},{"start":{"line":19,"column":9},"end":{"line":19,"column":33}}]},"3":{"loc":{"start":{"line":26,"column":2},"end":{"line":26,"column":34}},"type":"if","locations":[{"start":{"line":26,"column":2},"end":{"line":26,"column":34}}]}},"s":{"0":4,"1":4,"2":18,"3":12,"4":6,"5":6,"6":6,"7":6,"8":6,"9":6,"10":6,"11":6,"12":8,"13":4,"14":4,"15":6,"16":13,"17":9,"18":4,"19":4,"20":6,"21":4,"22":6,"23":4},"f":{"0":18,"1":6,"2":13,"3":6,"4":6},"b":{"0":[12],"1":[14,10],"2":[4,4],"3":[9]}}
,"C:\\Users\\EmmanuelAsidigbe\\Desktop\\webdev\\amalitech\\week05\\lab\\middleware\\auth\\auth_middleware.ts": {"path":"C:\\Users\\EmmanuelAsidigbe\\Desktop\\webdev\\amalitech\\week05\\lab\\middleware\\auth\\auth_middleware.ts","statementMap":{"0":{"start":{"line":1,"column":0},"end":{"line":1,"column":40}},"1":{"start":{"line":3,"column":0},"end":{"line":3,"column":31}},"2":{"start":{"line":6,"column":27},"end":{"line":43,"column":1}},"3":{"start":{"line":11,"column":2},"end":{"line":42,"column":3}},"4":{"start":{"line":13,"column":23},"end":{"line":13,"column":48}},"5":{"start":{"line":14,"column":4},"end":{"line":19,"column":5}},"6":{"start":{"line":15,"column":7},"end":{"line":17,"column":78}},"7":{"start":{"line":18,"column":8},"end":{"line":18,"column":15}},"8":{"start":{"line":22,"column":18},"end":{"line":22,"column":42}},"9":{"start":{"line":25,"column":4},"end":{"line":38,"column":7}},"10":{"start":{"line":26,"column":6},"end":{"line":31,"column":7}},"11":{"start":{"line":27,"column":9},"end":{"line":29,"column":73}},"12":{"start":{"line":30,"column":10},"end":{"line":30,"column":17}},"13":{"start":{"line":34,"column":7},"end":{"line":34,"column":34}},"14":{"start":{"line":37,"column":6},"end":{"line":37,"column":13}},"15":{"start":{"line":40,"column":4},"end":{"line":40,"column":50}},"16":{"start":{"line":41,"column":4},"end":{"line":41,"column":70}},"17":{"start":{"line":6,"column":13},"end":{"line":6,"column":27}},"18":{"start":{"line":49,"column":40},"end":{"line":91,"column":1}},"19":{"start":{"line":54,"column":2},"end":{"line":90,"column":3}},"20":{"start":{"line":56,"column":23},"end":{"line":56,"column":48}},"21":{"start":{"line":57,"column":4},"end":{"line":62,"column":5}},"22":{"start":{"line":58,"column":6},"end":{"line":60,"column":78}},"23":{"start":{"line":61,"column":6},"end":{"line":61,"column":13}},"24":{"start":{"line":65,"column":18},"end":{"line":65,"column":42}},"25":{"start":{"line":68,"column":4},"end":{"line":86,"column":7}},"26":{"start":{"line":69,"column":6},"end":{"line":74,"column":7}},"27":{"start":{"line":70,"column":8},"end":{"line":72,"column":73}},"28":{"start":{"line":73,"column":8},"end":{"line":73,"column":15}},"29":{"start":{"line":75,"column":7},"end":{"line":79,"column":8}},"30":{"start":{"line":76,"column":8},"end":{"line":77,"column":98}},"31":{"start":{"line":78,"column":8},"end":{"line":78,"column":14}},"32":{"start":{"line":81,"column":7},"end":{"line":81,"column":34}},"33":{"start":{"line":85,"column":6},"end":{"line":85,"column":13}},"34":{"start":{"line":88,"column":4},"end":{"line":88,"column":50}},"35":{"start":{"line":89,"column":4},"end":{"line":89,"column":70}},"36":{"start":{"line":49,"column":13},"end":{"line":49,"column":40}}},"fnMap":{"0":{"name":"(anonymous_1)","decl":{"start":{"line":6,"column":27},"end":{"line":6,"column":null}},"loc":{"start":{"line":10,"column":4},"end":{"line":43,"column":1}}},"1":{"name":"(anonymous_2)","decl":{"start":{"line":25,"column":57},"end":{"line":25,"column":58}},"loc":{"start":{"line":25,"column":74},"end":{"line":38,"column":5}}},"2":{"name":"(anonymous_3)","decl":{"start":{"line":49,"column":40},"end":{"line":49,"column":null}},"loc":{"start":{"line":53,"column":4},"end":{"line":91,"column":1}}},"3":{"name":"(anonymous_4)","decl":{"start":{"line":68,"column":57},"end":{"line":68,"column":58}},"loc":{"start":{"line":68,"column":74},"end":{"line":86,"column":5}}}},"branchMap":{"0":{"loc":{"start":{"line":14,"column":4},"end":{"line":19,"column":5}},"type":"if","locations":[{"start":{"line":14,"column":4},"end":{"line":19,"column":5}}]},"1":{"loc":{"start":{"line":14,"column":8},"end":{"line":14,"column":56}},"type":"binary-expr","locations":[{"start":{"line":14,"column":8},"end":{"line":14,"column":19}},{"start":{"line":14,"column":23},"end":{"line":14,"column":56}}]},"2":{"loc":{"start":{"line":26,"column":6},"end":{"line":31,"column":7}},"type":"if","locations":[{"start":{"line":26,"column":6},"end":{"line":31,"column":7}}]},"3":{"loc":{"start":{"line":57,"column":4},"end":{"line":62,"column":5}},"type":"if","locations":[{"start":{"line":57,"column":4},"end":{"line":62,"column":5}}]},"4":{"loc":{"start":{"line":57,"column":8},"end":{"line":57,"column":56}},"type":"binary-expr","locations":[{"start":{"line":57,"column":8},"end":{"line":57,"column":19}},{"start":{"line":57,"column":23},"end":{"line":57,"column":56}}]},"5":{"loc":{"start":{"line":69,"column":6},"end":{"line":74,"column":7}},"type":"if","locations":[{"start":{"line":69,"column":6},"end":{"line":74,"column":7}}]},"6":{"loc":{"start":{"line":75,"column":7},"end":{"line":79,"column":8}},"type":"if","locations":[{"start":{"line":75,"column":7},"end":{"line":79,"column":8}}]}},"s":{"0":3,"1":3,"2":3,"3":27,"4":27,"5":27,"6":2,"7":2,"8":25,"9":25,"10":24,"11":1,"12":1,"13":23,"14":23,"15":1,"16":1,"17":3,"18":3,"19":18,"20":18,"21":18,"22":2,"23":2,"24":16,"25":16,"26":15,"27":1,"28":1,"29":14,"30":6,"31":6,"32":8,"33":8,"34":1,"35":1,"36":3},"f":{"0":27,"1":24,"2":18,"3":15},"b":{"0":[2],"1":[27,26],"2":[1],"3":[2],"4":[18,17],"5":[1],"6":[6]}}
,"C:\\Users\\EmmanuelAsidigbe\\Desktop\\webdev\\amalitech\\week05\\lab\\middleware\\limiter\\limiter.ts": {"path":"C:\\Users\\EmmanuelAsidigbe\\Desktop\\webdev\\amalitech\\week05\\lab\\middleware\\limiter\\limiter.ts","statementMap":{"0":{"start":{"line":1,"column":0},"end":{"line":1,"column":43}},"1":{"start":{"line":3,"column":13},"end":{"line":7,"column":3}},"2":{"start":{"line":9,"column":13},"end":{"line":13,"column":3}}},"fnMap":{},"branchMap":{"0":{"loc":{"start":{"line":5,"column":7},"end":{"line":5,"column":49}},"type":"cond-expr","locations":[{"start":{"line":5,"column":41},"end":{"line":5,"column":45}},{"start":{"line":5,"column":48},"end":{"line":5,"column":49}}]},"1":{"loc":{"start":{"line":11,"column":7},"end":{"line":11,"column":49}},"type":"cond-expr","locations":[{"start":{"line":11,"column":41},"end":{"line":11,"column":45}},{"start":{"line":11,"column":48},"end":{"line":11,"column":49}}]}},"s":{"0":2,"1":2,"2":2},"f":{},"b":{"0":[2,0],"1":[2,0]}}
,"C:\\Users\\EmmanuelAsidigbe\\Desktop\\webdev\\amalitech\\week05\\lab\\middleware\\validators\\course.validator.ts": {"path":"C:\\Users\\EmmanuelAsidigbe\\Desktop\\webdev\\amalitech\\week05\\lab\\middleware\\validators\\course.validator.ts","statementMap":{"0":{"start":{"line":1,"column":0},"end":{"line":1,"column":59}},"1":{"start":{"line":3,"column":0},"end":{"line":3,"column":49}},"2":{"start":{"line":5,"column":0},"end":{"line":5,"column":55}},"3":{"start":{"line":7,"column":13},"end":{"line":51,"column":2}}},"fnMap":{},"branchMap":{},"s":{"0":2,"1":2,"2":2,"3":2},"f":{},"b":{}}
,"C:\\Users\\EmmanuelAsidigbe\\Desktop\\webdev\\amalitech\\week05\\lab\\middleware\\validators\\execute.validator.ts": {"path":"C:\\Users\\EmmanuelAsidigbe\\Desktop\\webdev\\amalitech\\week05\\lab\\middleware\\validators\\execute.validator.ts","statementMap":{"0":{"start":{"line":1,"column":2},"end":{"line":1,"column":56}},"1":{"start":{"line":4,"column":0},"end":{"line":4,"column":40}},"2":{"start":{"line":5,"column":34},"end":{"line":22,"column":1}},"3":{"start":{"line":6,"column":4},"end":{"line":6,"column":46}},"4":{"start":{"line":7,"column":19},"end":{"line":7,"column":40}},"5":{"start":{"line":8,"column":4},"end":{"line":18,"column":5}},"6":{"start":{"line":10,"column":6},"end":{"line":10,"column":45}},"7":{"start":{"line":11,"column":6},"end":{"line":16,"column":9}},"8":{"start":{"line":14,"column":26},"end":{"line":14,"column":35}},"9":{"start":{"line":17,"column":6},"end":{"line":17,"column":13}},"10":{"start":{"line":20,"column":4},"end":{"line":20,"column":41}},"11":{"start":{"line":21,"column":4},"end":{"line":21,"column":11}},"12":{"start":{"line":5,"column":15},"end":{"line":5,"column":34}}},"fnMap":{"0":{"name":"(anonymous_1)","decl":{"start":{"line":5,"column":34},"end":{"line":5,"column":35}},"loc":{"start":{"line":5,"column":86},"end":{"line":22,"column":1}}},"1":{"name":"(anonymous_2)","decl":{"start":{"line":14,"column":15},"end":{"line":14,"column":16}},"loc":{"start":{"line":14,"column":26},"end":{"line":14,"column":35}}}},"branchMap":{"0":{"loc":{"start":{"line":8,"column":4},"end":{"line":18,"column":5}},"type":"if","locations":[{"start":{"line":8,"column":4},"end":{"line":18,"column":5}}]}},"s":{"0":3,"1":3,"2":3,"3":7,"4":7,"5":7,"6":1,"7":1,"8":2,"9":1,"10":6,"11":6,"12":3},"f":{"0":7,"1":2},"b":{"0":[1]}}
,"C:\\Users\\EmmanuelAsidigbe\\Desktop\\webdev\\amalitech\\week05\\lab\\middleware\\validators\\student.validator.ts": {"path":"C:\\Users\\EmmanuelAsidigbe\\Desktop\\webdev\\amalitech\\week05\\lab\\middleware\\validators\\student.validator.ts","statementMap":{"0":{"start":{"line":1,"column":0},"end":{"line":1,"column":58}},"1":{"start":{"line":3,"column":0},"end":{"line":3,"column":49}},"2":{"start":{"line":4,"column":0},"end":{"line":4,"column":55}},"3":{"start":{"line":7,"column":13},"end":{"line":38,"column":2}}},"fnMap":{},"branchMap":{},"s":{"0":2,"1":2,"2":2,"3":2},"f":{},"b":{}}
,"C:\\Users\\EmmanuelAsidigbe\\Desktop\\webdev\\amalitech\\week05\\lab\\models\\BaseUser.ts": {"path":"C:\\Users\\EmmanuelAsidigbe\\Desktop\\webdev\\amalitech\\week05\\lab\\models\\BaseUser.ts","statementMap":{"0":{"start":{"line":1,"column":0},"end":{"line":1,"column":41}},"1":{"start":{"line":5,"column":31},"end":{"line":14,"column":null}},"2":{"start":{"line":18,"column":17},"end":{"line":18,"column":56}},"3":{"start":{"line":20,"column":0},"end":{"line":20,"column":24}}},"fnMap":{},"branchMap":{},"s":{"0":6,"1":6,"2":6,"3":6},"f":{},"b":{}}
,"C:\\Users\\EmmanuelAsidigbe\\Desktop\\webdev\\amalitech\\week05\\lab\\models\\Course.ts": {"path":"C:\\Users\\EmmanuelAsidigbe\\Desktop\\webdev\\amalitech\\week05\\lab\\models\\Course.ts","statementMap":{"0":{"start":{"line":1,"column":0},"end":{"line":1,"column":41}},"1":{"start":{"line":2,"column":0},"end":{"line":2,"column":56}},"2":{"start":{"line":5,"column":29},"end":{"line":13,"column":null}},"3":{"start":{"line":16,"column":0},"end":{"line":16,"column":53}}},"fnMap":{},"branchMap":{},"s":{"0":5,"1":5,"2":5,"3":5},"f":{},"b":{}}
,"C:\\Users\\EmmanuelAsidigbe\\Desktop\\webdev\\amalitech\\week05\\lab\\models\\Enrollment.ts": {"path":"C:\\Users\\EmmanuelAsidigbe\\Desktop\\webdev\\amalitech\\week05\\lab\\models\\Enrollment.ts","statementMap":{"0":{"start":{"line":1,"column":0},"end":{"line":1,"column":51}},"1":{"start":{"line":6,"column":33},"end":{"line":16,"column":null}},"2":{"start":{"line":19,"column":0},"end":{"line":19,"column":65}}},"fnMap":{},"branchMap":{},"s":{"0":3,"1":3,"2":3},"f":{},"b":{}}
,"C:\\Users\\EmmanuelAsidigbe\\Desktop\\webdev\\amalitech\\week05\\lab\\models\\Instructor.ts": {"path":"C:\\Users\\EmmanuelAsidigbe\\Desktop\\webdev\\amalitech\\week05\\lab\\models\\Instructor.ts","statementMap":{"0":{"start":{"line":1,"column":0},"end":{"line":1,"column":34}},"1":{"start":{"line":2,"column":0},"end":{"line":2,"column":34}},"2":{"start":{"line":6,"column":33},"end":{"line":8,"column":2}},"3":{"start":{"line":10,"column":19},"end":{"line":10,"column":85}},"4":{"start":{"line":12,"column":0},"end":{"line":12,"column":26}}},"fnMap":{},"branchMap":{},"s":{"0":2,"1":2,"2":2,"3":2,"4":2},"f":{},"b":{}}
,"C:\\Users\\EmmanuelAsidigbe\\Desktop\\webdev\\amalitech\\week05\\lab\\models\\Student.ts": {"path":"C:\\Users\\EmmanuelAsidigbe\\Desktop\\webdev\\amalitech\\week05\\lab\\models\\Student.ts","statementMap":{"0":{"start":{"line":1,"column":0},"end":{"line":1,"column":34}},"1":{"start":{"line":2,"column":0},"end":{"line":2,"column":34}},"2":{"start":{"line":3,"column":0},"end":{"line":3,"column":55}},"3":{"start":{"line":6,"column":30},"end":{"line":16,"column":2}},"4":{"start":{"line":19,"column":16},"end":{"line":19,"column":73}},"5":{"start":{"line":21,"column":0},"end":{"line":21,"column":23}}},"fnMap":{},"branchMap":{},"s":{"0":5,"1":5,"2":5,"3":5,"4":5,"5":5},"f":{},"b":{}}
,"C:\\Users\\EmmanuelAsidigbe\\Desktop\\webdev\\amalitech\\week05\\lab\\routes\\course_route.ts": {"path":"C:\\Users\\EmmanuelAsidigbe\\Desktop\\webdev\\amalitech\\week05\\lab\\routes\\course_route.ts","statementMap":{"0":{"start":{"line":1,"column":0},"end":{"line":1,"column":33}},"1":{"start":{"line":2,"column":0},"end":{"line":2,"column":68}},"2":{"start":{"line":3,"column":0},"end":{"line":3,"column":74}},"3":{"start":{"line":4,"column":0},"end":{"line":4,"column":91}},"4":{"start":{"line":5,"column":15},"end":{"line":5,"column":23}},"5":{"start":{"line":7,"column":0},"end":{"line":7,"column":null}},"6":{"start":{"line":8,"column":0},"end":{"line":8,"column":45}},"7":{"start":{"line":9,"column":0},"end":{"line":9,"column":61}},"8":{"start":{"line":10,"column":0},"end":{"line":10,"column":null}},"9":{"start":{"line":11,"column":0},"end":{"line":11,"column":65}},"10":{"start":{"line":12,"column":0},"end":{"line":12,"column":73}},"11":{"start":{"line":13,"column":0},"end":{"line":13,"column":60}},"12":{"start":{"line":16,"column":0},"end":{"line":16,"column":22}}},"fnMap":{},"branchMap":{},"s":{"0":2,"1":2,"2":2,"3":2,"4":2,"5":2,"6":2,"7":2,"8":2,"9":2,"10":2,"11":2,"12":2},"f":{},"b":{}}
,"C:\\Users\\EmmanuelAsidigbe\\Desktop\\webdev\\amalitech\\week05\\lab\\routes\\enrollment_route.ts": {"path":"C:\\Users\\EmmanuelAsidigbe\\Desktop\\webdev\\amalitech\\week05\\lab\\routes\\enrollment_route.ts","statementMap":{"0":{"start":{"line":1,"column":0},"end":{"line":1,"column":32}},"1":{"start":{"line":2,"column":0},"end":{"line":2,"column":76}},"2":{"start":{"line":3,"column":0},"end":{"line":3,"column":91}},"3":{"start":{"line":5,"column":15},"end":{"line":5,"column":23}},"4":{"start":{"line":7,"column":0},"end":{"line":7,"column":null}},"5":{"start":{"line":8,"column":0},"end":{"line":8,"column":80}},"6":{"start":{"line":9,"column":0},"end":{"line":9,"column":105}},"7":{"start":{"line":10,"column":0},"end":{"line":10,"column":53}},"8":{"start":{"line":11,"column":0},"end":{"line":11,"column":70}},"9":{"start":{"line":13,"column":0},"end":{"line":13,"column":22}}},"fnMap":{},"branchMap":{},"s":{"0":2,"1":2,"2":2,"3":2,"4":2,"5":2,"6":2,"7":2,"8":2,"9":2},"f":{},"b":{}}
,"C:\\Users\\EmmanuelAsidigbe\\Desktop\\webdev\\amalitech\\week05\\lab\\routes\\index.ts": {"path":"C:\\Users\\EmmanuelAsidigbe\\Desktop\\webdev\\amalitech\\week05\\lab\\routes\\index.ts","statementMap":{"0":{"start":{"line":1,"column":0},"end":{"line":1,"column":33}},"1":{"start":{"line":2,"column":0},"end":{"line":2,"column":63}},"2":{"start":{"line":4,"column":14},"end":{"line":4,"column":22}},"3":{"start":{"line":6,"column":0},"end":{"line":6,"column":43}},"4":{"start":{"line":7,"column":0},"end":{"line":7,"column":60}},"5":{"start":{"line":8,"column":0},"end":{"line":8,"column":66}},"6":{"start":{"line":10,"column":0},"end":{"line":10,"column":22}}},"fnMap":{},"branchMap":{},"s":{"0":2,"1":2,"2":2,"3":2,"4":2,"5":2,"6":2},"f":{},"b":{}}
,"C:\\Users\\EmmanuelAsidigbe\\Desktop\\webdev\\amalitech\\week05\\lab\\routes\\sort_route.ts": {"path":"C:\\Users\\EmmanuelAsidigbe\\Desktop\\webdev\\amalitech\\week05\\lab\\routes\\sort_route.ts","statementMap":{"0":{"start":{"line":1,"column":0},"end":{"line":1,"column":33}},"1":{"start":{"line":2,"column":0},"end":{"line":2,"column":64}},"2":{"start":{"line":3,"column":0},"end":{"line":3,"column":78}},"3":{"start":{"line":5,"column":15},"end":{"line":5,"column":23}},"4":{"start":{"line":6,"column":0},"end":{"line":6,"column":null}},"5":{"start":{"line":7,"column":0},"end":{"line":7,"column":57}},"6":{"start":{"line":8,"column":0},"end":{"line":8,"column":55}},"7":{"start":{"line":10,"column":0},"end":{"line":10,"column":22}}},"fnMap":{},"branchMap":{},"s":{"0":2,"1":2,"2":2,"3":2,"4":2,"5":2,"6":2,"7":2},"f":{},"b":{}}
,"C:\\Users\\EmmanuelAsidigbe\\Desktop\\webdev\\amalitech\\week05\\lab\\routes\\student_route.ts": {"path":"C:\\Users\\EmmanuelAsidigbe\\Desktop\\webdev\\amalitech\\week05\\lab\\routes\\student_route.ts","statementMap":{"0":{"start":{"line":1,"column":0},"end":{"line":1,"column":33}},"1":{"start":{"line":2,"column":0},"end":{"line":2,"column":70}},"2":{"start":{"line":3,"column":0},"end":{"line":3,"column":75}},"3":{"start":{"line":4,"column":0},"end":{"line":4,"column":91}},"4":{"start":{"line":6,"column":15},"end":{"line":6,"column":23}},"5":{"start":{"line":7,"column":0},"end":{"line":7,"column":null}},"6":{"start":{"line":10,"column":0},"end":{"line":10,"column":70}},"7":{"start":{"line":11,"column":0},"end":{"line":11,"column":53}},"8":{"start":{"line":12,"column":0},"end":{"line":12,"column":null}},"9":{"start":{"line":13,"column":0},"end":{"line":13,"column":68}},"10":{"start":{"line":14,"column":0},"end":{"line":14,"column":47}},"11":{"start":{"line":15,"column":0},"end":{"line":15,"column":null}},"12":{"start":{"line":18,"column":0},"end":{"line":18,"column":22}}},"fnMap":{},"branchMap":{},"s":{"0":2,"1":2,"2":2,"3":2,"4":2,"5":2,"6":2,"7":2,"8":2,"9":2,"10":2,"11":2,"12":2},"f":{},"b":{}}
,"C:\\Users\\EmmanuelAsidigbe\\Desktop\\webdev\\amalitech\\week05\\lab\\types\\model_types.ts": {"path":"C:\\Users\\EmmanuelAsidigbe\\Desktop\\webdev\\amalitech\\week05\\lab\\types\\model_types.ts","statementMap":{"0":{"start":{"line":34,"column":0},"end":{"line":34,"column":null}},"1":{"start":{"line":35,"column":2},"end":{"line":35,"column":null}},"2":{"start":{"line":36,"column":2},"end":{"line":36,"column":null}},"3":{"start":{"line":37,"column":2},"end":{"line":37,"column":null}},"4":{"start":{"line":39,"column":0},"end":{"line":39,"column":null}},"5":{"start":{"line":40,"column":2},"end":{"line":40,"column":null}},"6":{"start":{"line":41,"column":2},"end":{"line":41,"column":null}},"7":{"start":{"line":42,"column":2},"end":{"line":42,"column":null}}},"fnMap":{"0":{"name":"(anonymous_0)","decl":{"start":{"line":34,"column":0},"end":{"line":34,"column":12}},"loc":{"start":{"line":34,"column":18},"end":{"line":38,"column":1}}},"1":{"name":"(anonymous_1)","decl":{"start":{"line":39,"column":0},"end":{"line":39,"column":12}},"loc":{"start":{"line":39,"column":20},"end":{"line":43,"column":1}}}},"branchMap":{"0":{"loc":{"start":{"line":34,"column":12},"end":{"line":34,"column":null}},"type":"binary-expr","locations":[{"start":{"line":34,"column":12},"end":{"line":34,"column":18}},{"start":{"line":34,"column":18},"end":{"line":34,"column":null}}]},"1":{"loc":{"start":{"line":39,"column":12},"end":{"line":39,"column":null}},"type":"binary-expr","locations":[{"start":{"line":39,"column":12},"end":{"line":39,"column":20}},{"start":{"line":39,"column":20},"end":{"line":39,"column":null}}]}},"s":{"0":8,"1":8,"2":8,"3":8,"4":8,"5":8,"6":8,"7":8},"f":{"0":8,"1":8},"b":{"0":[8,8],"1":[8,8]}}
,"C:\\Users\\EmmanuelAsidigbe\\Desktop\\webdev\\amalitech\\week05\\lab\\utils\\redis_client.ts": {"path":"C:\\Users\\EmmanuelAsidigbe\\Desktop\\webdev\\amalitech\\week05\\lab\\utils\\redis_client.ts","statementMap":{"0":{"start":{"line":1,"column":0},"end":{"line":1,"column":37}},"1":{"start":{"line":2,"column":0},"end":{"line":2,"column":30}},"2":{"start":{"line":4,"column":20},"end":{"line":9,"column":2}},"3":{"start":{"line":11,"column":0},"end":{"line":11,"column":68}},"4":{"start":{"line":11,"column":33},"end":{"line":11,"column":66}},"5":{"start":{"line":13,"column":0},"end":{"line":20,"column":5}},"6":{"start":{"line":13,"column":12},"end":{"line":20,"column":2}},"7":{"start":{"line":14,"column":2},"end":{"line":19,"column":3}},"8":{"start":{"line":15,"column":4},"end":{"line":15,"column":32}},"9":{"start":{"line":16,"column":4},"end":{"line":16,"column":48}},"10":{"start":{"line":18,"column":4},"end":{"line":18,"column":55}},"11":{"start":{"line":22,"column":0},"end":{"line":22,"column":27}}},"fnMap":{"0":{"name":"(anonymous_8)","decl":{"start":{"line":11,"column":24},"end":{"line":11,"column":25}},"loc":{"start":{"line":11,"column":33},"end":{"line":11,"column":66}}},"1":{"name":"(anonymous_9)","decl":{"start":{"line":13,"column":1},"end":{"line":13,"column":10}},"loc":{"start":{"line":13,"column":12},"end":{"line":20,"column":2}}},"2":{"name":"(anonymous_10)","decl":{"start":{"line":13,"column":12},"end":{"line":13,"column":null}},"loc":{"start":{"line":13,"column":12},"end":{"line":20,"column":1}}}},"branchMap":{},"s":{"0":2,"1":2,"2":2,"3":2,"4":0,"5":2,"6":2,"7":2,"8":2,"9":0,"10":0,"11":2},"f":{"0":0,"1":2,"2":2},"b":{}}
}
