TN:
SF:sum.ts
FN:1,(anonymous_0)
FNF:1
FNH:1
FNDA:1,(anonymous_0)
DA:1,1
LF:1
LH:1
BRF:0
BRH:0
end_of_record
TN:
SF:config\db.ts
FN:5,(anonymous_8)
FN:5,(anonymous_9)
FN:14,(anonymous_10)
FN:14,(anonymous_11)
FNF:4
FNH:4
FNDA:2,(anonymous_8)
FNDA:2,(anonymous_9)
FNDA:5,(anonymous_10)
FNDA:5,(anonymous_11)
DA:1,3
DA:2,3
DA:3,3
DA:5,3
DA:6,2
DA:7,2
DA:8,1
DA:10,1
DA:11,1
DA:14,5
DA:15,5
DA:16,5
DA:17,5
DA:18,4
DA:25,3
DA:26,3
DA:28,1
DA:30,1
DA:33,3
LF:19
LH:19
BRDA:17,0,0,4
BRF:1
BRH:1
end_of_record
TN:
SF:config\server.ts
FN:14,createServer
FN:26,(anonymous_2)
FNF:2
FNH:2
FNDA:2,createServer
FNDA:22,(anonymous_2)
DA:1,2
DA:2,2
DA:3,2
DA:4,2
DA:5,2
DA:6,2
DA:7,2
DA:8,2
DA:9,2
DA:10,2
DA:11,2
DA:12,2
DA:14,2
DA:15,2
DA:16,2
DA:19,2
DA:21,2
DA:23,2
DA:27,22
DA:33,22
DA:40,2
DA:43,2
DA:44,2
DA:45,2
DA:46,2
DA:47,2
DA:48,2
DA:50,2
LF:28
LH:28
BRF:0
BRH:0
end_of_record
TN:
SF:controller\auth_controller.ts
FN:9,Login
FN:68,ResetPassword
FN:120,RequestPasswordReset
FNF:3
FNH:3
FNDA:6,Login
FNDA:7,ResetPassword
FNDA:5,RequestPasswordReset
DA:2,3
DA:3,3
DA:4,3
DA:5,3
DA:7,3
DA:9,3
DA:10,6
DA:12,6
DA:13,2
DA:14,2
DA:15,2
DA:17,4
DA:18,4
DA:20,4
DA:22,3
DA:23,1
DA:24,1
DA:28,1
DA:32,2
DA:34,2
DA:35,1
DA:36,1
DA:40,1
DA:44,1
DA:49,1
DA:50,1
DA:62,1
DA:63,1
DA:68,3
DA:69,7
DA:70,7
DA:72,7
DA:73,7
DA:74,2
DA:75,2
DA:79,2
DA:82,5
DA:84,5
DA:85,5
DA:87,5
DA:88,2
DA:89,2
DA:92,2
DA:96,3
DA:97,2
DA:98,1
DA:99,1
DA:100,1
DA:104,1
DA:105,1
DA:106,1
DA:107,1
DA:109,1
DA:114,1
DA:115,1
DA:116,1
DA:120,3
DA:121,5
DA:122,5
DA:123,5
DA:124,2
DA:125,2
DA:128,2
DA:131,3
DA:133,3
DA:135,2
DA:136,1
DA:137,1
DA:138,1
DA:142,1
DA:149,1
DA:162,1
DA:169,1
DA:170,1
LF:74
LH:74
BRDA:12,0,0,2
BRDA:12,1,0,6
BRDA:12,1,1,5
BRDA:22,2,0,1
BRDA:34,3,0,1
BRDA:73,4,0,2
BRDA:73,5,0,7
BRDA:73,5,1,6
BRDA:87,6,0,2
BRDA:87,7,0,5
BRDA:87,7,1,3
BRDA:97,8,0,1
BRDA:123,9,0,2
BRDA:135,10,0,1
BRF:14
BRH:14
end_of_record
TN:
SF:controller\course_controller.ts
FN:4,getCourses
FN:50,getCourseByCode
FN:70,createCourse
FN:102,updateCourse
FN:132,deleteCourse
FNF:5
FNH:5
FNDA:9,getCourses
FNDA:5,getCourseByCode
FNDA:4,createCourse
FNDA:4,updateCourse
FNDA:4,deleteCourse
DA:2,3
DA:3,3
DA:4,3
DA:5,9
DA:6,9
DA:9,9
DA:10,9
DA:11,9
DA:12,2
DA:14,2
DA:16,9
DA:17,1
DA:18,1
DA:20,9
DA:23,9
DA:24,8
DA:26,3
DA:27,3
DA:31,3
DA:35,5
DA:36,5
DA:42,1
DA:43,1
DA:50,3
DA:51,5
DA:52,5
DA:53,5
DA:54,5
DA:56,4
DA:57,1
DA:58,1
DA:59,1
DA:61,3
DA:62,3
DA:64,1
DA:65,1
DA:70,3
DA:71,4
DA:72,4
DA:73,4
DA:75,4
DA:76,3
DA:77,1
DA:78,1
DA:81,1
DA:84,2
DA:92,2
DA:94,2
DA:96,1
DA:97,1
DA:102,3
DA:103,4
DA:104,4
DA:105,4
DA:109,4
DA:110,4
DA:116,3
DA:117,1
DA:118,1
DA:121,1
DA:124,2
DA:126,1
DA:127,1
DA:132,3
DA:133,4
DA:135,4
DA:136,4
DA:137,4
DA:139,3
DA:140,1
DA:141,1
DA:142,1
DA:145,2
DA:146,2
DA:148,1
DA:149,1
LF:76
LH:76
BRDA:11,0,0,2
BRDA:16,1,0,1
BRDA:24,2,0,3
BRDA:56,3,0,1
BRDA:76,4,0,1
BRDA:116,5,0,1
BRDA:139,6,0,1
BRF:7
BRH:7
end_of_record
TN:
SF:controller\enrollment_controller.ts
FN:7,enrollStudent
FN:68,getEnrollmentsForStudent
FN:101,getEnrollmentsForCourse
FN:156,cancelEnrollment
FNF:4
FNH:4
FNDA:7,enrollStudent
FNDA:4,getEnrollmentsForStudent
FNDA:5,getEnrollmentsForCourse
FNDA:5,cancelEnrollment
DA:2,3
DA:3,3
DA:4,3
DA:5,3
DA:7,3
DA:8,7
DA:9,7
DA:10,7
DA:16,7
DA:18,7
DA:19,6
DA:21,6
DA:22,1
DA:23,1
DA:24,1
DA:26,5
DA:27,1
DA:28,1
DA:29,1
DA:31,4
DA:32,1
DA:33,1
DA:36,1
DA:40,3
DA:44,3
DA:45,1
DA:46,1
DA:49,1
DA:53,2
DA:54,2
DA:55,1
DA:56,1
DA:57,1
DA:59,1
DA:60,1
DA:64,1
DA:65,1
DA:68,3
DA:69,4
DA:70,4
DA:71,4
DA:75,4
DA:76,4
DA:78,3
DA:79,1
DA:80,1
DA:83,1
DA:85,2
DA:86,1
DA:87,1
DA:90,1
DA:93,1
DA:95,1
DA:96,1
DA:101,3
DA:102,5
DA:103,5
DA:104,5
DA:105,5
DA:107,5
DA:108,5
DA:111,5
DA:112,1
DA:113,1
DA:116,1
DA:120,4
DA:123,4
DA:130,3
DA:131,1
DA:132,1
DA:133,1
DA:137,2
DA:139,2
DA:140,2
DA:151,1
DA:152,1
DA:156,3
DA:157,5
DA:158,5
DA:159,5
DA:160,5
DA:161,5
DA:163,4
DA:164,1
DA:165,1
DA:166,1
DA:168,3
DA:169,1
DA:170,1
DA:173,1
DA:176,2
DA:178,2
DA:179,1
DA:180,1
DA:181,1
DA:183,1
DA:184,1
DA:186,1
DA:187,1
LF:99
LH:99
BRDA:21,0,0,1
BRDA:26,1,0,1
BRDA:31,2,0,1
BRDA:31,3,0,4
BRDA:31,3,1,4
BRDA:44,4,0,1
BRDA:54,5,0,1
BRDA:78,6,0,1
BRDA:78,7,0,3
BRDA:78,7,1,3
BRDA:85,8,0,1
BRDA:85,9,0,2
BRDA:85,9,1,2
BRDA:103,10,0,1
BRDA:103,11,0,1
BRDA:111,12,0,1
BRDA:111,13,0,5
BRDA:111,13,1,4
BRDA:130,14,0,1
BRDA:130,15,0,3
BRDA:130,15,1,3
BRDA:163,16,0,1
BRDA:168,17,0,1
BRDA:168,18,0,3
BRDA:168,18,1,3
BRDA:178,19,0,1
BRF:26
BRH:26
end_of_record
TN:
SF:controller\sort_controller.ts
FN:12,getSortedStudents
FN:60,(anonymous_10)
FN:86,getSortedCourses
FN:132,(anonymous_13)
FNF:4
FNH:4
FNDA:7,getSortedStudents
FNDA:4,(anonymous_10)
FNDA:6,getSortedCourses
FNDA:2,(anonymous_13)
DA:2,3
DA:3,3
DA:4,3
DA:5,3
DA:6,3
DA:7,3
DA:12,3
DA:13,7
DA:14,7
DA:19,7
DA:20,1
DA:21,1
DA:24,1
DA:27,6
DA:28,1
DA:29,1
DA:32,1
DA:35,5
DA:37,5
DA:39,5
DA:40,4
DA:41,1
DA:42,1
DA:43,1
DA:47,3
DA:48,3
DA:49,1
DA:50,1
DA:51,1
DA:54,2
DA:56,2
DA:57,1
DA:60,4
DA:66,2
DA:73,2
DA:77,2
DA:78,2
DA:80,1
DA:81,1
DA:86,3
DA:87,6
DA:88,6
DA:93,6
DA:94,1
DA:95,1
DA:98,1
DA:101,5
DA:102,1
DA:103,1
DA:106,1
DA:109,4
DA:111,4
DA:113,4
DA:114,3
DA:115,1
DA:116,1
DA:117,1
DA:120,2
DA:121,2
DA:122,1
DA:123,1
DA:124,1
DA:127,1
DA:128,1
DA:129,0
DA:132,2
DA:139,1
DA:145,1
DA:149,1
DA:150,1
DA:152,1
DA:153,1
LF:72
LH:71
BRDA:19,0,0,1
BRDA:19,1,0,7
BRDA:19,1,1,7
BRDA:27,2,0,1
BRDA:27,3,0,6
BRDA:27,3,1,6
BRDA:35,4,0,5
BRDA:35,4,1,0
BRDA:40,5,0,1
BRDA:48,6,0,1
BRDA:48,7,0,3
BRDA:48,7,1,3
BRDA:56,8,0,1
BRDA:68,9,0,2
BRDA:68,9,1,0
BRDA:93,10,0,1
BRDA:93,11,0,6
BRDA:93,11,1,6
BRDA:101,12,0,1
BRDA:101,13,0,5
BRDA:101,13,1,5
BRDA:109,14,0,4
BRDA:109,14,1,0
BRDA:114,15,0,1
BRDA:121,16,0,1
BRDA:121,17,0,2
BRDA:121,17,1,2
BRDA:128,18,0,0
BRDA:141,19,0,1
BRDA:141,19,1,0
BRF:30
BRH:25
end_of_record
TN:
SF:controller\student_controller.ts
FN:8,getStudents
FN:63,getStudentById
FN:92,createStudent
FN:125,updateStudent
FN:157,deleteStudent
FNF:5
FNH:5
FNDA:8,getStudents
FNDA:6,getStudentById
FNDA:3,createStudent
FNDA:6,updateStudent
FNDA:4,deleteStudent
DA:2,3
DA:5,3
DA:8,3
DA:9,8
DA:10,8
DA:13,8
DA:20,8
DA:21,1
DA:22,1
DA:23,1
DA:27,8
DA:28,8
DA:31,8
DA:37,6
DA:40,6
DA:41,2
DA:42,2
DA:43,2
DA:46,4
DA:58,2
DA:59,2
DA:63,3
DA:64,6
DA:65,6
DA:66,6
DA:67,6
DA:68,6
DA:69,5
DA:70,1
DA:71,1
DA:72,1
DA:75,4
DA:79,1
DA:80,1
DA:83,1
DA:86,3
DA:88,1
DA:89,1
DA:92,3
DA:93,3
DA:96,3
DA:97,3
DA:101,3
DA:113,2
DA:114,2
DA:120,1
DA:122,1
DA:125,3
DA:126,6
DA:127,6
DA:128,6
DA:129,6
DA:130,6
DA:131,5
DA:132,1
DA:133,1
DA:134,1
DA:136,4
DA:138,1
DA:139,1
DA:142,1
DA:145,3
DA:151,3
DA:153,1
DA:154,1
DA:157,3
DA:159,4
DA:161,4
DA:163,4
DA:166,4
DA:169,3
DA:170,1
DA:171,1
DA:172,1
DA:176,2
DA:177,2
DA:180,1
DA:181,1
LF:78
LH:78
BRDA:14,0,0,1
BRDA:14,0,1,7
BRDA:15,1,0,1
BRDA:15,1,1,7
BRDA:16,2,0,1
BRDA:16,2,1,7
BRDA:20,3,0,1
BRDA:20,4,0,8
BRDA:20,4,1,7
BRDA:21,5,0,1
BRDA:21,5,1,1
BRDA:22,6,0,1
BRDA:23,7,0,1
BRDA:27,8,0,8
BRDA:27,8,1,6
BRDA:28,9,0,8
BRDA:28,9,1,6
BRDA:40,10,0,2
BRDA:69,11,0,1
BRDA:75,12,0,1
BRDA:76,13,0,4
BRDA:76,13,1,3
BRDA:131,14,0,1
BRDA:136,15,0,1
BRDA:136,16,0,4
BRDA:136,16,1,2
BRDA:169,17,0,1
BRF:27
BRH:27
end_of_record
TN:
SF:helpers\helper.ts
FN:1,isFieldValid
FN:5,isValidOrder
FNF:2
FNH:2
FNDA:4,isFieldValid
FNDA:3,isValidOrder
DA:1,3
DA:2,4
DA:5,3
DA:6,3
LF:4
LH:4
BRDA:6,0,0,3
BRDA:6,0,1,2
BRF:2
BRH:2
end_of_record
TN:
SF:helpers\sorting_argorithms.ts
FN:2,mergeSort
FN:12,merge
FN:25,quickSort
FN:29,(anonymous_3)
FN:30,(anonymous_4)
FNF:5
FNH:5
FNDA:18,mergeSort
FNDA:6,merge
FNDA:13,quickSort
FNDA:6,(anonymous_3)
FNDA:6,(anonymous_4)
DA:2,4
DA:3,18
DA:5,6
DA:6,6
DA:7,6
DA:9,6
DA:13,6
DA:14,6
DA:15,6
DA:17,6
DA:18,8
DA:19,4
DA:22,6
DA:25,4
DA:26,13
DA:28,4
DA:29,6
DA:30,6
DA:32,4
LF:19
LH:19
BRDA:3,0,0,12
BRDA:17,1,0,14
BRDA:17,1,1,10
BRDA:18,2,0,4
BRDA:18,2,1,4
BRDA:26,3,0,9
BRF:6
BRH:6
end_of_record
TN:
SF:middleware\auth\auth_middleware.ts
FN:6,(anonymous_1)
FN:25,(anonymous_2)
FN:49,(anonymous_3)
FN:68,(anonymous_4)
FNF:4
FNH:4
FNDA:27,(anonymous_1)
FNDA:24,(anonymous_2)
FNDA:18,(anonymous_3)
FNDA:15,(anonymous_4)
DA:1,3
DA:3,3
DA:6,3
DA:11,27
DA:13,27
DA:14,27
DA:15,2
DA:18,2
DA:22,25
DA:25,25
DA:26,24
DA:27,1
DA:30,1
DA:34,23
DA:37,23
DA:40,1
DA:41,1
DA:49,3
DA:54,18
DA:56,18
DA:57,18
DA:58,2
DA:61,2
DA:65,16
DA:68,16
DA:69,15
DA:70,1
DA:73,1
DA:75,14
DA:76,6
DA:78,6
DA:81,8
DA:85,8
DA:88,1
DA:89,1
LF:35
LH:35
BRDA:14,0,0,2
BRDA:14,1,0,27
BRDA:14,1,1,26
BRDA:26,2,0,1
BRDA:57,3,0,2
BRDA:57,4,0,18
BRDA:57,4,1,17
BRDA:69,5,0,1
BRDA:75,6,0,6
BRF:9
BRH:9
end_of_record
TN:
SF:middleware\limiter\limiter.ts
FNF:0
FNH:0
DA:1,2
DA:3,2
DA:9,2
LF:3
LH:3
BRDA:5,0,0,2
BRDA:5,0,1,0
BRDA:11,1,0,2
BRDA:11,1,1,0
BRF:4
BRH:2
end_of_record
TN:
SF:middleware\validators\course.validator.ts
FNF:0
FNH:0
DA:1,2
DA:3,2
DA:5,2
DA:7,2
LF:4
LH:4
BRF:0
BRH:0
end_of_record
TN:
SF:middleware\validators\execute.validator.ts
FN:5,(anonymous_1)
FN:14,(anonymous_2)
FNF:2
FNH:2
FNDA:7,(anonymous_1)
FNDA:2,(anonymous_2)
DA:1,3
DA:4,3
DA:5,3
DA:6,7
DA:7,7
DA:8,7
DA:10,1
DA:11,1
DA:14,2
DA:17,1
DA:20,6
DA:21,6
LF:12
LH:12
BRDA:8,0,0,1
BRF:1
BRH:1
end_of_record
TN:
SF:middleware\validators\student.validator.ts
FNF:0
FNH:0
DA:1,2
DA:3,2
DA:4,2
DA:7,2
LF:4
LH:4
BRF:0
BRH:0
end_of_record
TN:
SF:models\BaseUser.ts
FNF:0
FNH:0
DA:1,6
DA:5,6
DA:18,6
DA:20,6
LF:4
LH:4
BRF:0
BRH:0
end_of_record
TN:
SF:models\Course.ts
FNF:0
FNH:0
DA:1,5
DA:2,5
DA:5,5
DA:16,5
LF:4
LH:4
BRF:0
BRH:0
end_of_record
TN:
SF:models\Enrollment.ts
FNF:0
FNH:0
DA:1,3
DA:6,3
DA:19,3
LF:3
LH:3
BRF:0
BRH:0
end_of_record
TN:
SF:models\Instructor.ts
FNF:0
FNH:0
DA:1,2
DA:2,2
DA:6,2
DA:10,2
DA:12,2
LF:5
LH:5
BRF:0
BRH:0
end_of_record
TN:
SF:models\Student.ts
FNF:0
FNH:0
DA:1,5
DA:2,5
DA:3,5
DA:6,5
DA:19,5
DA:21,5
LF:6
LH:6
BRF:0
BRH:0
end_of_record
TN:
SF:routes\course_route.ts
FNF:0
FNH:0
DA:1,2
DA:2,2
DA:3,2
DA:4,2
DA:5,2
DA:7,2
DA:8,2
DA:9,2
DA:10,2
DA:11,2
DA:12,2
DA:13,2
DA:16,2
LF:13
LH:13
BRF:0
BRH:0
end_of_record
TN:
SF:routes\enrollment_route.ts
FNF:0
FNH:0
DA:1,2
DA:2,2
DA:3,2
DA:5,2
DA:7,2
DA:8,2
DA:9,2
DA:10,2
DA:11,2
DA:13,2
LF:10
LH:10
BRF:0
BRH:0
end_of_record
TN:
SF:routes\index.ts
FNF:0
FNH:0
DA:1,2
DA:2,2
DA:4,2
DA:6,2
DA:7,2
DA:8,2
DA:10,2
LF:7
LH:7
BRF:0
BRH:0
end_of_record
TN:
SF:routes\sort_route.ts
FNF:0
FNH:0
DA:1,2
DA:2,2
DA:3,2
DA:5,2
DA:6,2
DA:7,2
DA:8,2
DA:10,2
LF:8
LH:8
BRF:0
BRH:0
end_of_record
TN:
SF:routes\student_route.ts
FNF:0
FNH:0
DA:1,2
DA:2,2
DA:3,2
DA:4,2
DA:6,2
DA:7,2
DA:10,2
DA:11,2
DA:12,2
DA:13,2
DA:14,2
DA:15,2
DA:18,2
LF:13
LH:13
BRF:0
BRH:0
end_of_record
TN:
SF:types\model_types.ts
FN:34,(anonymous_0)
FN:39,(anonymous_1)
FNF:2
FNH:2
FNDA:8,(anonymous_0)
FNDA:8,(anonymous_1)
DA:34,8
DA:35,8
DA:36,8
DA:37,8
DA:39,8
DA:40,8
DA:41,8
DA:42,8
LF:8
LH:8
BRDA:34,0,0,8
BRDA:34,0,1,8
BRDA:39,1,0,8
BRDA:39,1,1,8
BRF:4
BRH:4
end_of_record
TN:
SF:utils\redis_client.ts
FN:11,(anonymous_8)
FN:13,(anonymous_9)
FN:13,(anonymous_10)
FNF:3
FNH:2
FNDA:0,(anonymous_8)
FNDA:2,(anonymous_9)
FNDA:2,(anonymous_10)
DA:1,2
DA:2,2
DA:4,2
DA:11,2
DA:13,2
DA:14,2
DA:15,2
DA:16,0
DA:18,0
DA:22,2
LF:10
LH:8
BRF:0
BRH:0
end_of_record
